TpTrace Verbose: 0 : 20236, 1, 2023/12/29, 19:11:09.118, 247040506579, vstest.console.dll, Version: 17.7.1-release-23418-01 Current process architecture: X64
TpTrace Verbose: 0 : 20236, 1, 2023/12/29, 19:11:09.119, 247040519522, vstest.console.dll, Runtime location: C:\Program Files\dotnet\shared\Microsoft.NETCore.App\7.0.12
TpTrace Verbose: 0 : 20236, 1, 2023/12/29, 19:11:09.121, 247040543790, vstest.console.dll, ArtifactProcessingPostProcessModeProcessorExecutor.Initialize: ArtifactProcessingMode.Collect
TpTrace Verbose: 0 : 20236, 1, 2023/12/29, 19:11:09.122, 247040545010, vstest.console.dll, TestSessionCorrelationIdProcessorModeProcessorExecutor.Initialize: TestSessionCorrelationId '1040_466db637-fa57-408a-9675-bc81376bcc3a'
TpTrace Information: 0 : 20236, 1, 2023/12/29, 19:11:09.128, 247040606974, vstest.console.dll, FilePatternParser: The given file E:\KPI\C#\4\GoodsStore.Tests\bin\Debug\net6.0\fine-code-coverage\build-output\GoodsStore.Tests.dll is a full path.
TpTrace Verbose: 0 : 20236, 1, 2023/12/29, 19:11:09.133, 247040654290, vstest.console.dll, TestPluginCache.DiscoverTestExtensions: finding test extensions in assemblies ends with: RuntimeProvider.dll TPluginInfo: Microsoft.VisualStudio.TestPlatform.Common.ExtensionFramework.Utilities.TestRuntimePluginInformation TExtension: Microsoft.VisualStudio.TestPlatform.ObjectModel.Host.ITestRuntimeProvider
TpTrace Verbose: 0 : 20236, 1, 2023/12/29, 19:11:09.133, 247040657298, vstest.console.dll, TestPluginCache.GetExtensionPaths: Filtered extension paths: 
TpTrace Verbose: 0 : 20236, 1, 2023/12/29, 19:11:09.133, 247040658065, vstest.console.dll, TestPluginCache.GetExtensionPaths: Added default extension paths: C:\Program Files\dotnet\sdk\7.0.402\Extensions\Microsoft.Diagnostics.NETCore.Client.dll
C:\Program Files\dotnet\sdk\7.0.402\Extensions\Microsoft.TestPlatform.Extensions.BlameDataCollector.dll
C:\Program Files\dotnet\sdk\7.0.402\Extensions\Microsoft.TestPlatform.Extensions.EventLogCollector.dll
C:\Program Files\dotnet\sdk\7.0.402\Extensions\Microsoft.TestPlatform.TestHostRuntimeProvider.dll
C:\Program Files\dotnet\sdk\7.0.402\Extensions\Microsoft.VisualStudio.TestPlatform.Extensions.Html.TestLogger.dll
C:\Program Files\dotnet\sdk\7.0.402\Extensions\Microsoft.VisualStudio.TestPlatform.Extensions.Trx.TestLogger.dll
TpTrace Verbose: 0 : 20236, 1, 2023/12/29, 19:11:09.133, 247040658413, vstest.console.dll, TestPluginCache.GetExtensionPaths: Added unfilterableExtensionPaths: 
TpTrace Information: 0 : 20236, 1, 2023/12/29, 19:11:09.133, 247040664001, vstest.console.dll, AssemblyResolver.ctor: Creating AssemblyResolver with searchDirectories C:\Program Files\dotnet\sdk\7.0.402\Extensions,C:\Program Files\dotnet\sdk\7.0.402
TpTrace Verbose: 0 : 20236, 1, 2023/12/29, 19:11:09.135, 247040679770, vstest.console.dll, TestPluginCache.DiscoverTestExtensions: Discovering the extensions using extension path.
TpTrace Verbose: 0 : 20236, 1, 2023/12/29, 19:11:09.135, 247040681654, vstest.console.dll, TestPluginCache.GetExtensionPaths: Filtered extension paths: 
TpTrace Verbose: 0 : 20236, 1, 2023/12/29, 19:11:09.135, 247040682278, vstest.console.dll, TestPluginCache.GetExtensionPaths: Added default extension paths: C:\Program Files\dotnet\sdk\7.0.402\Extensions\Microsoft.Diagnostics.NETCore.Client.dll
C:\Program Files\dotnet\sdk\7.0.402\Extensions\Microsoft.TestPlatform.Extensions.BlameDataCollector.dll
C:\Program Files\dotnet\sdk\7.0.402\Extensions\Microsoft.TestPlatform.Extensions.EventLogCollector.dll
C:\Program Files\dotnet\sdk\7.0.402\Extensions\Microsoft.TestPlatform.TestHostRuntimeProvider.dll
C:\Program Files\dotnet\sdk\7.0.402\Extensions\Microsoft.VisualStudio.TestPlatform.Extensions.Html.TestLogger.dll
C:\Program Files\dotnet\sdk\7.0.402\Extensions\Microsoft.VisualStudio.TestPlatform.Extensions.Trx.TestLogger.dll
TpTrace Verbose: 0 : 20236, 1, 2023/12/29, 19:11:09.135, 247040682598, vstest.console.dll, TestPluginCache.GetExtensionPaths: Added unfilterableExtensionPaths: 
TpTrace Verbose: 0 : 20236, 1, 2023/12/29, 19:11:09.135, 247040683658, vstest.console.dll, TestPluginCache.DiscoverTestExtensions: Discovering the extensions using allExtensionPaths: C:\Program Files\dotnet\sdk\7.0.402\Extensions\Microsoft.Diagnostics.NETCore.Client.dll
C:\Program Files\dotnet\sdk\7.0.402\Extensions\Microsoft.TestPlatform.Extensions.BlameDataCollector.dll
C:\Program Files\dotnet\sdk\7.0.402\Extensions\Microsoft.TestPlatform.Extensions.EventLogCollector.dll
C:\Program Files\dotnet\sdk\7.0.402\Extensions\Microsoft.TestPlatform.TestHostRuntimeProvider.dll
C:\Program Files\dotnet\sdk\7.0.402\Extensions\Microsoft.VisualStudio.TestPlatform.Extensions.Html.TestLogger.dll
C:\Program Files\dotnet\sdk\7.0.402\Extensions\Microsoft.VisualStudio.TestPlatform.Extensions.Trx.TestLogger.dll
TpTrace Information: 0 : 20236, 1, 2023/12/29, 19:11:09.136, 247040685398, vstest.console.dll, AssemblyResolver.AddSearchDirectories: Adding more searchDirectories C:\Program Files\dotnet\sdk\7.0.402\Extensions,C:\Program Files\dotnet\sdk\7.0.402
TpTrace Information: 0 : 20236, 1, 2023/12/29, 19:11:09.136, 247040686148, vstest.console.dll, AssemblyResolver.AddSearchDirectories: Adding more searchDirectories C:\Program Files\dotnet\sdk\7.0.402\Extensions,C:\Program Files\dotnet\sdk\7.0.402
TpTrace Information: 0 : 20236, 1, 2023/12/29, 19:11:09.136, 247040686512, vstest.console.dll, AssemblyResolver.AddSearchDirectories: Adding more searchDirectories C:\Program Files\dotnet\sdk\7.0.402\Extensions,C:\Program Files\dotnet\sdk\7.0.402
TpTrace Information: 0 : 20236, 1, 2023/12/29, 19:11:09.136, 247040686801, vstest.console.dll, AssemblyResolver.AddSearchDirectories: Adding more searchDirectories C:\Program Files\dotnet\sdk\7.0.402\Extensions,C:\Program Files\dotnet\sdk\7.0.402
TpTrace Information: 0 : 20236, 1, 2023/12/29, 19:11:09.136, 247040687078, vstest.console.dll, AssemblyResolver.AddSearchDirectories: Adding more searchDirectories C:\Program Files\dotnet\sdk\7.0.402\Extensions,C:\Program Files\dotnet\sdk\7.0.402
TpTrace Information: 0 : 20236, 1, 2023/12/29, 19:11:09.136, 247040687419, vstest.console.dll, AssemblyResolver.AddSearchDirectories: Adding more searchDirectories C:\Program Files\dotnet\sdk\7.0.402\Extensions,C:\Program Files\dotnet\sdk\7.0.402
TpTrace Information: 0 : 20236, 1, 2023/12/29, 19:11:09.136, 247040691107, vstest.console.dll, AssemblyResolver.OnResolve: Microsoft.Diagnostics.NETCore.Client: Resolving assembly.
TpTrace Information: 0 : 20236, 1, 2023/12/29, 19:11:09.136, 247040691947, vstest.console.dll, AssemblyResolver.OnResolve: Microsoft.Diagnostics.NETCore.Client: Searching in: 'C:\Program Files\dotnet\sdk\7.0.402\Extensions'.
TpTrace Information: 0 : 20236, 1, 2023/12/29, 19:11:09.144, 247040768040, vstest.console.dll, AssemblyResolver.OnResolve: Microsoft.Diagnostics.NETCore.Client: Loading assembly 'C:\Program Files\dotnet\sdk\7.0.402\Extensions\Microsoft.Diagnostics.NETCore.Client.dll'.
TpTrace Information: 0 : 20236, 1, 2023/12/29, 19:11:09.145, 247040775332, vstest.console.dll, AssemblyResolver.OnResolve: Resolved assembly: Microsoft.Diagnostics.NETCore.Client, from path: C:\Program Files\dotnet\sdk\7.0.402\Extensions\Microsoft.Diagnostics.NETCore.Client.dll
TpTrace Verbose: 0 : 20236, 1, 2023/12/29, 19:11:09.146, 247040785396, vstest.console.dll, MetadataReaderExtensionsHelper: Discovering extensions inside assembly 'Microsoft.Diagnostics.NETCore.Client, Version=0.2.8.21101, Culture=neutral, PublicKeyToken=31bf3856ad364e35' file path 'C:\Program Files\dotnet\sdk\7.0.402\Extensions\Microsoft.Diagnostics.NETCore.Client.dll'
TpTrace Information: 0 : 20236, 1, 2023/12/29, 19:11:09.150, 247040826456, vstest.console.dll, AssemblyResolver.OnResolve: Microsoft.Bcl.AsyncInterfaces: Resolving assembly.
TpTrace Information: 0 : 20236, 1, 2023/12/29, 19:11:09.150, 247040827221, vstest.console.dll, AssemblyResolver.OnResolve: Microsoft.Bcl.AsyncInterfaces: Searching in: 'C:\Program Files\dotnet\sdk\7.0.402\Extensions'.
TpTrace Information: 0 : 20236, 1, 2023/12/29, 19:11:09.150, 247040828037, vstest.console.dll, AssemblyResolver.OnResolve: Microsoft.Bcl.AsyncInterfaces: Assembly path does not exist: 'C:\Program Files\dotnet\sdk\7.0.402\Extensions\Microsoft.Bcl.AsyncInterfaces.dll', returning.
TpTrace Information: 0 : 20236, 1, 2023/12/29, 19:11:09.150, 247040829260, vstest.console.dll, AssemblyResolver.OnResolve: Microsoft.Bcl.AsyncInterfaces: Assembly path does not exist: 'C:\Program Files\dotnet\sdk\7.0.402\Extensions\Microsoft.Bcl.AsyncInterfaces.exe', returning.
TpTrace Information: 0 : 20236, 1, 2023/12/29, 19:11:09.150, 247040829618, vstest.console.dll, AssemblyResolver.OnResolve: Microsoft.Bcl.AsyncInterfaces: Searching in: 'C:\Program Files\dotnet\sdk\7.0.402'.
TpTrace Information: 0 : 20236, 1, 2023/12/29, 19:11:09.150, 247040830295, vstest.console.dll, AssemblyResolver.OnResolve: Microsoft.Bcl.AsyncInterfaces: Assembly path does not exist: 'C:\Program Files\dotnet\sdk\7.0.402\Microsoft.Bcl.AsyncInterfaces.dll', returning.
TpTrace Information: 0 : 20236, 1, 2023/12/29, 19:11:09.150, 247040830983, vstest.console.dll, AssemblyResolver.OnResolve: Microsoft.Bcl.AsyncInterfaces: Assembly path does not exist: 'C:\Program Files\dotnet\sdk\7.0.402\Microsoft.Bcl.AsyncInterfaces.exe', returning.
TpTrace Information: 0 : 20236, 1, 2023/12/29, 19:11:09.150, 247040831339, vstest.console.dll, AssemblyResolver.OnResolve: Microsoft.Bcl.AsyncInterfaces: Failed to load assembly.
TpTrace Verbose: 0 : 20236, 1, 2023/12/29, 19:11:09.150, 247040831656, vstest.console.dll, CurrentDomainAssemblyResolve: Resolving assembly 'Microsoft.Bcl.AsyncInterfaces'.
TpTrace Information: 0 : 20236, 1, 2023/12/29, 19:11:09.150, 247040832142, vstest.console.dll, AssemblyResolver.OnResolve: Microsoft.Bcl.AsyncInterfaces: Resolving assembly.
TpTrace Information: 0 : 20236, 1, 2023/12/29, 19:11:09.150, 247040832487, vstest.console.dll, AssemblyResolver.OnResolve: Microsoft.Bcl.AsyncInterfaces: Resolved from cache.
TpTrace Verbose: 0 : 20236, 1, 2023/12/29, 19:11:09.150, 247040832811, vstest.console.dll, CurrentDomainAssemblyResolve: Resolving assembly 'Microsoft.Bcl.AsyncInterfaces'.
TpTrace Verbose: 0 : 20236, 1, 2023/12/29, 19:11:09.150, 247040833129, vstest.console.dll, CurrentDomainAssemblyResolve: Failed to resolve assembly 'Microsoft.Bcl.AsyncInterfaces'.
TpTrace Verbose: 0 : 20236, 1, 2023/12/29, 19:11:09.152, 247040848279, vstest.console.dll, CurrentDomainAssemblyResolve: Failed to resolve assembly 'Microsoft.Bcl.AsyncInterfaces'.
TpTrace Warning: 0 : 20236, 1, 2023/12/29, 19:11:09.161, 247040941057, vstest.console.dll, TestPluginDiscoverer: Failed to get types from assembly 'Microsoft.Diagnostics.NETCore.Client, Version=0.2.8.21101, Culture=neutral, PublicKeyToken=31bf3856ad364e35'. Error: System.Reflection.ReflectionTypeLoadException: Unable to load one or more of the requested types.
Could not load file or assembly 'Microsoft.Bcl.AsyncInterfaces, Version=1.0.0.0, Culture=neutral, PublicKeyToken=cc7b13ffcd2ddd51'. The system cannot find the file specified.
   at System.Reflection.RuntimeModule.GetTypes(RuntimeModule module)
   at System.Reflection.Assembly.GetTypes()
   at Microsoft.VisualStudio.TestPlatform.Common.ExtensionFramework.TestPluginDiscoverer.GetTestExtensionsFromAssembly[TPluginInfo,TExtension](Assembly assembly, Dictionary`2 pluginInfos, String filePath) in /_/src/Microsoft.TestPlatform.Common/ExtensionFramework/TestPluginDiscoverer.cs:line 158
System.IO.FileNotFoundException: Could not load file or assembly 'Microsoft.Bcl.AsyncInterfaces, Version=1.0.0.0, Culture=neutral, PublicKeyToken=cc7b13ffcd2ddd51'. The system cannot find the file specified.
File name: 'Microsoft.Bcl.AsyncInterfaces, Version=1.0.0.0, Culture=neutral, PublicKeyToken=cc7b13ffcd2ddd51'
 ---> System.IO.FileNotFoundException: Could not load file or assembly 'Microsoft.Bcl.AsyncInterfaces, Culture=neutral, PublicKeyToken=null'. The system cannot find the file specified.
File name: 'Microsoft.Bcl.AsyncInterfaces, Culture=neutral, PublicKeyToken=null'
   at System.Reflection.RuntimeAssembly.InternalLoad(AssemblyName assemblyName, StackCrawlMark& stackMark, AssemblyLoadContext assemblyLoadContext, RuntimeAssembly requestingAssembly, Boolean throwOnFileNotFound)
   at System.Reflection.Assembly.Load(AssemblyName assemblyRef)
   at Microsoft.VisualStudio.TestPlatform.Common.ExtensionFramework.TestPluginCache.CurrentDomainAssemblyResolve(Object sender, AssemblyResolveEventArgs args) in /_/src/Microsoft.TestPlatform.Common/ExtensionFramework/TestPluginCache.cs:line 513
   at System.Runtime.Loader.AssemblyLoadContext.GetFirstResolvedAssemblyFromResolvingEvent(AssemblyName assemblyName)
   at System.Runtime.Loader.AssemblyLoadContext.ResolveUsingEvent(AssemblyName assemblyName)
   at System.Runtime.Loader.AssemblyLoadContext.ResolveUsingResolvingEvent(IntPtr gchManagedAssemblyLoadContext, AssemblyName assemblyName)
TpTrace Warning: 0 : 20236, 1, 2023/12/29, 19:11:09.162, 247040944530, vstest.console.dll, LoaderExceptions: System.IO.FileNotFoundException: Could not load file or assembly 'Microsoft.Bcl.AsyncInterfaces, Version=1.0.0.0, Culture=neutral, PublicKeyToken=cc7b13ffcd2ddd51'. The system cannot find the file specified.
File name: 'Microsoft.Bcl.AsyncInterfaces, Version=1.0.0.0, Culture=neutral, PublicKeyToken=cc7b13ffcd2ddd51'
 ---> System.IO.FileNotFoundException: Could not load file or assembly 'Microsoft.Bcl.AsyncInterfaces, Culture=neutral, PublicKeyToken=null'. The system cannot find the file specified.
File name: 'Microsoft.Bcl.AsyncInterfaces, Culture=neutral, PublicKeyToken=null'
   at System.Reflection.RuntimeAssembly.InternalLoad(AssemblyName assemblyName, StackCrawlMark& stackMark, AssemblyLoadContext assemblyLoadContext, RuntimeAssembly requestingAssembly, Boolean throwOnFileNotFound)
   at System.Reflection.Assembly.Load(AssemblyName assemblyRef)
   at Microsoft.VisualStudio.TestPlatform.Common.ExtensionFramework.TestPluginCache.CurrentDomainAssemblyResolve(Object sender, AssemblyResolveEventArgs args) in /_/src/Microsoft.TestPlatform.Common/ExtensionFramework/TestPluginCache.cs:line 513
   at System.Runtime.Loader.AssemblyLoadContext.GetFirstResolvedAssemblyFromResolvingEvent(AssemblyName assemblyName)
   at System.Runtime.Loader.AssemblyLoadContext.ResolveUsingEvent(AssemblyName assemblyName)
   at System.Runtime.Loader.AssemblyLoadContext.ResolveUsingResolvingEvent(IntPtr gchManagedAssemblyLoadContext, AssemblyName assemblyName)
TpTrace Information: 0 : 20236, 1, 2023/12/29, 19:11:09.162, 247040946016, vstest.console.dll, AssemblyResolver.OnResolve: Microsoft.TestPlatform.Extensions.BlameDataCollector: Resolving assembly.
TpTrace Information: 0 : 20236, 1, 2023/12/29, 19:11:09.162, 247040946529, vstest.console.dll, AssemblyResolver.OnResolve: Microsoft.TestPlatform.Extensions.BlameDataCollector: Searching in: 'C:\Program Files\dotnet\sdk\7.0.402\Extensions'.
TpTrace Information: 0 : 20236, 1, 2023/12/29, 19:11:09.162, 247040951783, vstest.console.dll, AssemblyResolver.OnResolve: Microsoft.TestPlatform.Extensions.BlameDataCollector: Loading assembly 'C:\Program Files\dotnet\sdk\7.0.402\Extensions\Microsoft.TestPlatform.Extensions.BlameDataCollector.dll'.
TpTrace Information: 0 : 20236, 1, 2023/12/29, 19:11:09.163, 247040956765, vstest.console.dll, AssemblyResolver.OnResolve: Resolved assembly: Microsoft.TestPlatform.Extensions.BlameDataCollector, from path: C:\Program Files\dotnet\sdk\7.0.402\Extensions\Microsoft.TestPlatform.Extensions.BlameDataCollector.dll
TpTrace Verbose: 0 : 20236, 1, 2023/12/29, 19:11:09.163, 247040957408, vstest.console.dll, MetadataReaderExtensionsHelper: Discovering extensions inside assembly 'Microsoft.TestPlatform.Extensions.BlameDataCollector, Version=15.0.0.0, Culture=neutral, PublicKeyToken=b03f5f7f11d50a3a' file path 'C:\Program Files\dotnet\sdk\7.0.402\Extensions\Microsoft.TestPlatform.Extensions.BlameDataCollector.dll'
TpTrace Information: 0 : 20236, 1, 2023/12/29, 19:11:09.164, 247040970968, vstest.console.dll, AssemblyResolver.OnResolve: Microsoft.TestPlatform.Extensions.EventLogCollector: Resolving assembly.
TpTrace Information: 0 : 20236, 1, 2023/12/29, 19:11:09.164, 247040971740, vstest.console.dll, AssemblyResolver.OnResolve: Microsoft.TestPlatform.Extensions.EventLogCollector: Searching in: 'C:\Program Files\dotnet\sdk\7.0.402\Extensions'.
TpTrace Information: 0 : 20236, 1, 2023/12/29, 19:11:09.165, 247040976426, vstest.console.dll, AssemblyResolver.OnResolve: Microsoft.TestPlatform.Extensions.EventLogCollector: Loading assembly 'C:\Program Files\dotnet\sdk\7.0.402\Extensions\Microsoft.TestPlatform.Extensions.EventLogCollector.dll'.
TpTrace Information: 0 : 20236, 1, 2023/12/29, 19:11:09.165, 247040980790, vstest.console.dll, AssemblyResolver.OnResolve: Resolved assembly: Microsoft.TestPlatform.Extensions.EventLogCollector, from path: C:\Program Files\dotnet\sdk\7.0.402\Extensions\Microsoft.TestPlatform.Extensions.EventLogCollector.dll
TpTrace Verbose: 0 : 20236, 1, 2023/12/29, 19:11:09.165, 247040981386, vstest.console.dll, MetadataReaderExtensionsHelper: Discovering extensions inside assembly 'Microsoft.TestPlatform.Extensions.EventLogCollector, Version=15.0.0.0, Culture=neutral, PublicKeyToken=b03f5f7f11d50a3a' file path 'C:\Program Files\dotnet\sdk\7.0.402\Extensions\Microsoft.TestPlatform.Extensions.EventLogCollector.dll'
TpTrace Information: 0 : 20236, 1, 2023/12/29, 19:11:09.168, 247041006575, vstest.console.dll, AssemblyResolver.OnResolve: Microsoft.TestPlatform.TestHostRuntimeProvider: Resolving assembly.
TpTrace Information: 0 : 20236, 1, 2023/12/29, 19:11:09.168, 247041007450, vstest.console.dll, AssemblyResolver.OnResolve: Microsoft.TestPlatform.TestHostRuntimeProvider: Searching in: 'C:\Program Files\dotnet\sdk\7.0.402\Extensions'.
TpTrace Information: 0 : 20236, 1, 2023/12/29, 19:11:09.168, 247041011964, vstest.console.dll, AssemblyResolver.OnResolve: Microsoft.TestPlatform.TestHostRuntimeProvider: Loading assembly 'C:\Program Files\dotnet\sdk\7.0.402\Extensions\Microsoft.TestPlatform.TestHostRuntimeProvider.dll'.
TpTrace Information: 0 : 20236, 1, 2023/12/29, 19:11:09.169, 247041016260, vstest.console.dll, AssemblyResolver.OnResolve: Resolved assembly: Microsoft.TestPlatform.TestHostRuntimeProvider, from path: C:\Program Files\dotnet\sdk\7.0.402\Extensions\Microsoft.TestPlatform.TestHostRuntimeProvider.dll
TpTrace Verbose: 0 : 20236, 1, 2023/12/29, 19:11:09.169, 247041016834, vstest.console.dll, MetadataReaderExtensionsHelper: Discovering extensions inside assembly 'Microsoft.TestPlatform.TestHostRuntimeProvider, Version=15.0.0.0, Culture=neutral, PublicKeyToken=b03f5f7f11d50a3a' file path 'C:\Program Files\dotnet\sdk\7.0.402\Extensions\Microsoft.TestPlatform.TestHostRuntimeProvider.dll'
TpTrace Information: 0 : 20236, 1, 2023/12/29, 19:11:09.170, 247041033670, vstest.console.dll, GetTestExtensionFromType: Register extension with identifier data 'HostProvider://DefaultTestHost' and type 'Microsoft.VisualStudio.TestPlatform.CrossPlatEngine.Hosting.DefaultTestHostManager, Microsoft.TestPlatform.TestHostRuntimeProvider, Version=15.0.0.0, Culture=neutral, PublicKeyToken=b03f5f7f11d50a3a' inside file 'C:\Program Files\dotnet\sdk\7.0.402\Extensions\Microsoft.TestPlatform.TestHostRuntimeProvider.dll'
TpTrace Information: 0 : 20236, 1, 2023/12/29, 19:11:09.171, 247041035802, vstest.console.dll, GetTestExtensionFromType: Register extension with identifier data 'HostProvider://DotnetTestHost' and type 'Microsoft.VisualStudio.TestPlatform.CrossPlatEngine.Hosting.DotnetTestHostManager, Microsoft.TestPlatform.TestHostRuntimeProvider, Version=15.0.0.0, Culture=neutral, PublicKeyToken=b03f5f7f11d50a3a' inside file 'C:\Program Files\dotnet\sdk\7.0.402\Extensions\Microsoft.TestPlatform.TestHostRuntimeProvider.dll'
TpTrace Information: 0 : 20236, 1, 2023/12/29, 19:11:09.171, 247041036445, vstest.console.dll, AssemblyResolver.OnResolve: Microsoft.VisualStudio.TestPlatform.Extensions.Html.TestLogger: Resolving assembly.
TpTrace Information: 0 : 20236, 1, 2023/12/29, 19:11:09.171, 247041036861, vstest.console.dll, AssemblyResolver.OnResolve: Microsoft.VisualStudio.TestPlatform.Extensions.Html.TestLogger: Searching in: 'C:\Program Files\dotnet\sdk\7.0.402\Extensions'.
TpTrace Information: 0 : 20236, 1, 2023/12/29, 19:11:09.171, 247041040948, vstest.console.dll, AssemblyResolver.OnResolve: Microsoft.VisualStudio.TestPlatform.Extensions.Html.TestLogger: Loading assembly 'C:\Program Files\dotnet\sdk\7.0.402\Extensions\Microsoft.VisualStudio.TestPlatform.Extensions.Html.TestLogger.dll'.
TpTrace Information: 0 : 20236, 1, 2023/12/29, 19:11:09.172, 247041045137, vstest.console.dll, AssemblyResolver.OnResolve: Resolved assembly: Microsoft.VisualStudio.TestPlatform.Extensions.Html.TestLogger, from path: C:\Program Files\dotnet\sdk\7.0.402\Extensions\Microsoft.VisualStudio.TestPlatform.Extensions.Html.TestLogger.dll
TpTrace Verbose: 0 : 20236, 1, 2023/12/29, 19:11:09.172, 247041045758, vstest.console.dll, MetadataReaderExtensionsHelper: Discovering extensions inside assembly 'Microsoft.VisualStudio.TestPlatform.Extensions.Html.TestLogger, Version=15.0.0.0, Culture=neutral, PublicKeyToken=b03f5f7f11d50a3a' file path 'C:\Program Files\dotnet\sdk\7.0.402\Extensions\Microsoft.VisualStudio.TestPlatform.Extensions.Html.TestLogger.dll'
TpTrace Information: 0 : 20236, 1, 2023/12/29, 19:11:09.172, 247041053285, vstest.console.dll, AssemblyResolver.OnResolve: Microsoft.VisualStudio.TestPlatform.Extensions.Trx.TestLogger: Resolving assembly.
TpTrace Information: 0 : 20236, 1, 2023/12/29, 19:11:09.172, 247041053823, vstest.console.dll, AssemblyResolver.OnResolve: Microsoft.VisualStudio.TestPlatform.Extensions.Trx.TestLogger: Searching in: 'C:\Program Files\dotnet\sdk\7.0.402\Extensions'.
TpTrace Information: 0 : 20236, 1, 2023/12/29, 19:11:09.173, 247041057578, vstest.console.dll, AssemblyResolver.OnResolve: Microsoft.VisualStudio.TestPlatform.Extensions.Trx.TestLogger: Loading assembly 'C:\Program Files\dotnet\sdk\7.0.402\Extensions\Microsoft.VisualStudio.TestPlatform.Extensions.Trx.TestLogger.dll'.
TpTrace Information: 0 : 20236, 1, 2023/12/29, 19:11:09.173, 247041062245, vstest.console.dll, AssemblyResolver.OnResolve: Resolved assembly: Microsoft.VisualStudio.TestPlatform.Extensions.Trx.TestLogger, from path: C:\Program Files\dotnet\sdk\7.0.402\Extensions\Microsoft.VisualStudio.TestPlatform.Extensions.Trx.TestLogger.dll
TpTrace Verbose: 0 : 20236, 1, 2023/12/29, 19:11:09.173, 247041062871, vstest.console.dll, MetadataReaderExtensionsHelper: Discovering extensions inside assembly 'Microsoft.VisualStudio.TestPlatform.Extensions.Trx.TestLogger, Version=15.0.0.0, Culture=neutral, PublicKeyToken=b03f5f7f11d50a3a' file path 'C:\Program Files\dotnet\sdk\7.0.402\Extensions\Microsoft.VisualStudio.TestPlatform.Extensions.Trx.TestLogger.dll'
TpTrace Verbose: 0 : 20236, 1, 2023/12/29, 19:11:09.175, 247041075173, vstest.console.dll, TestPluginCache: Discovered the extensions using extension path ''.
TpTrace Verbose: 0 : 20236, 1, 2023/12/29, 19:11:09.175, 247041075919, vstest.console.dll, TestPluginCache: Discoverers are ''.
TpTrace Verbose: 0 : 20236, 1, 2023/12/29, 19:11:09.175, 247041076201, vstest.console.dll, TestPluginCache: Executors are ''.
TpTrace Verbose: 0 : 20236, 1, 2023/12/29, 19:11:09.175, 247041076433, vstest.console.dll, TestPluginCache: Executors2 are ''.
TpTrace Verbose: 0 : 20236, 1, 2023/12/29, 19:11:09.175, 247041076655, vstest.console.dll, TestPluginCache: Setting providers are ''.
TpTrace Verbose: 0 : 20236, 1, 2023/12/29, 19:11:09.175, 247041076876, vstest.console.dll, TestPluginCache: Loggers are ''.
TpTrace Verbose: 0 : 20236, 1, 2023/12/29, 19:11:09.175, 247041077541, vstest.console.dll, TestPluginCache: TestHosts are 'HostProvider://DefaultTestHost,HostProvider://DotnetTestHost'.
TpTrace Verbose: 0 : 20236, 1, 2023/12/29, 19:11:09.175, 247041077856, vstest.console.dll, TestPluginCache: DataCollectors are ''.
TpTrace Information: 0 : 20236, 1, 2023/12/29, 19:11:09.184, 247041170447, vstest.console.dll, RunTestsArgumentProcessor:Execute: Test run is starting.
TpTrace Verbose: 0 : 20236, 1, 2023/12/29, 19:11:09.184, 247041171209, vstest.console.dll, RunTestsArgumentProcessor:Execute: Queuing Test run.
TpTrace Information: 0 : 20236, 1, 2023/12/29, 19:11:09.184, 247041173068, vstest.console.dll, TestRequestManager.RunTests: run tests started.
TpTrace Information: 0 : 20236, 1, 2023/12/29, 19:11:09.185, 247041182950, vstest.console.dll, AssemblyMetadataProvider.GetFrameworkName: Determined framework:'.NETCoreApp,Version=v6.0' for source: 'E:\KPI\C#\4\GoodsStore.Tests\bin\Debug\net6.0\fine-code-coverage\build-output\GoodsStore.Tests.dll'
TpTrace Information: 0 : 20236, 1, 2023/12/29, 19:11:09.186, 247041184346, vstest.console.dll, Determined framework for all sources: .NETCoreApp,Version=v6.0
TpTrace Verbose: 0 : 20236, 1, 2023/12/29, 19:11:09.186, 247041187522, vstest.console.dll, TestRequestManager.UpdateRunSettingsIfRequired: Default architecture: X64 IsDefaultTargetArchitecture: True, Current process architecture: X64 OperatingSystem: Windows.
TpTrace Information: 0 : 20236, 1, 2023/12/29, 19:11:09.187, 247041203288, vstest.console.dll, AssemblyMetadataProvider.GetArchitecture: Determined architecture:AnyCPU info for assembly: E:\KPI\C#\4\GoodsStore.Tests\bin\Debug\net6.0\fine-code-coverage\build-output\GoodsStore.Tests.dll
TpTrace Information: 0 : 20236, 1, 2023/12/29, 19:11:09.187, 247041203817, vstest.console.dll, Determined platform for source 'E:\KPI\C#\4\GoodsStore.Tests\bin\Debug\net6.0\fine-code-coverage\build-output\GoodsStore.Tests.dll' was AnyCPU and it will use the default plaform X64.
TpTrace Information: 0 : 20236, 1, 2023/12/29, 19:11:09.188, 247041204093, vstest.console.dll, None of the sources provided any runnable platform, using the default platform: X64
TpTrace Information: 0 : 20236, 1, 2023/12/29, 19:11:09.188, 247041204806, vstest.console.dll, Platform was updated to 'X64'.
TpTrace Information: 0 : 20236, 1, 2023/12/29, 19:11:09.190, 247041231769, vstest.console.dll, InferRunSettingsHelper.IsTestSettingsEnabled: Unable to navigate to RunSettings/MSTest. Current node: RunSettings
TpTrace Information: 0 : 20236, 1, 2023/12/29, 19:11:09.191, 247041236735, vstest.console.dll, AssemblyResolver.OnResolve: Microsoft.VisualStudio.TestPlatform.Fakes: Resolving assembly.
TpTrace Information: 0 : 20236, 1, 2023/12/29, 19:11:09.191, 247041237302, vstest.console.dll, AssemblyResolver.OnResolve: Microsoft.VisualStudio.TestPlatform.Fakes: Searching in: 'C:\Program Files\dotnet\sdk\7.0.402\Extensions'.
TpTrace Information: 0 : 20236, 1, 2023/12/29, 19:11:09.191, 247041238292, vstest.console.dll, AssemblyResolver.OnResolve: Microsoft.VisualStudio.TestPlatform.Fakes: Assembly path does not exist: 'C:\Program Files\dotnet\sdk\7.0.402\Extensions\Microsoft.VisualStudio.TestPlatform.Fakes.dll', returning.
TpTrace Information: 0 : 20236, 1, 2023/12/29, 19:11:09.191, 247041239042, vstest.console.dll, AssemblyResolver.OnResolve: Microsoft.VisualStudio.TestPlatform.Fakes: Assembly path does not exist: 'C:\Program Files\dotnet\sdk\7.0.402\Extensions\Microsoft.VisualStudio.TestPlatform.Fakes.exe', returning.
TpTrace Information: 0 : 20236, 1, 2023/12/29, 19:11:09.191, 247041239371, vstest.console.dll, AssemblyResolver.OnResolve: Microsoft.VisualStudio.TestPlatform.Fakes: Searching in: 'C:\Program Files\dotnet\sdk\7.0.402'.
TpTrace Information: 0 : 20236, 1, 2023/12/29, 19:11:09.191, 247041240019, vstest.console.dll, AssemblyResolver.OnResolve: Microsoft.VisualStudio.TestPlatform.Fakes: Assembly path does not exist: 'C:\Program Files\dotnet\sdk\7.0.402\Microsoft.VisualStudio.TestPlatform.Fakes.dll', returning.
TpTrace Information: 0 : 20236, 1, 2023/12/29, 19:11:09.191, 247041240787, vstest.console.dll, AssemblyResolver.OnResolve: Microsoft.VisualStudio.TestPlatform.Fakes: Assembly path does not exist: 'C:\Program Files\dotnet\sdk\7.0.402\Microsoft.VisualStudio.TestPlatform.Fakes.exe', returning.
TpTrace Information: 0 : 20236, 1, 2023/12/29, 19:11:09.191, 247041241143, vstest.console.dll, AssemblyResolver.OnResolve: Microsoft.VisualStudio.TestPlatform.Fakes: Failed to load assembly.
TpTrace Information: 0 : 20236, 1, 2023/12/29, 19:11:09.191, 247041243258, vstest.console.dll, Failed to load assembly Microsoft.VisualStudio.TestPlatform.Fakes, Version=17.0.0.0, Culture=neutral. Reason:System.IO.FileNotFoundException: Could not load file or assembly 'Microsoft.VisualStudio.TestPlatform.Fakes, Version=17.0.0.0, Culture=neutral, PublicKeyToken=null'. The system cannot find the file specified.
File name: 'Microsoft.VisualStudio.TestPlatform.Fakes, Version=17.0.0.0, Culture=neutral, PublicKeyToken=null'
   at System.Reflection.RuntimeAssembly.InternalLoad(AssemblyName assemblyName, StackCrawlMark& stackMark, AssemblyLoadContext assemblyLoadContext, RuntimeAssembly requestingAssembly, Boolean throwOnFileNotFound)
   at System.Reflection.Assembly.Load(AssemblyName assemblyRef)
   at Microsoft.VisualStudio.TestPlatform.Common.Utilities.FakesUtilities.LoadTestPlatformAssembly() in /_/src/Microsoft.TestPlatform.Common/Utilities/FakesUtilities.cs:line 272
TpTrace Verbose: 0 : 20236, 1, 2023/12/29, 19:11:09.194, 247041269710, vstest.console.dll, TestPluginCache.DiscoverTestExtensions: finding test extensions in assemblies ends with: TestLogger.dll TPluginInfo: Microsoft.VisualStudio.TestPlatform.Common.ExtensionFramework.Utilities.TestLoggerPluginInformation TExtension: Microsoft.VisualStudio.TestPlatform.ObjectModel.Client.ITestLogger
TpTrace Verbose: 0 : 20236, 1, 2023/12/29, 19:11:09.194, 247041270451, vstest.console.dll, TestPluginCache.GetExtensionPaths: Filtered extension paths: 
TpTrace Verbose: 0 : 20236, 1, 2023/12/29, 19:11:09.194, 247041270799, vstest.console.dll, TestPluginCache.GetExtensionPaths: Added default extension paths: C:\Program Files\dotnet\sdk\7.0.402\Extensions\Microsoft.Diagnostics.NETCore.Client.dll
C:\Program Files\dotnet\sdk\7.0.402\Extensions\Microsoft.TestPlatform.Extensions.BlameDataCollector.dll
C:\Program Files\dotnet\sdk\7.0.402\Extensions\Microsoft.TestPlatform.Extensions.EventLogCollector.dll
C:\Program Files\dotnet\sdk\7.0.402\Extensions\Microsoft.TestPlatform.TestHostRuntimeProvider.dll
C:\Program Files\dotnet\sdk\7.0.402\Extensions\Microsoft.VisualStudio.TestPlatform.Extensions.Html.TestLogger.dll
C:\Program Files\dotnet\sdk\7.0.402\Extensions\Microsoft.VisualStudio.TestPlatform.Extensions.Trx.TestLogger.dll
TpTrace Verbose: 0 : 20236, 1, 2023/12/29, 19:11:09.194, 247041271067, vstest.console.dll, TestPluginCache.GetExtensionPaths: Added unfilterableExtensionPaths: 
TpTrace Information: 0 : 20236, 1, 2023/12/29, 19:11:09.194, 247041272231, vstest.console.dll, AssemblyResolver.AddSearchDirectories: Adding more searchDirectories C:\Program Files\dotnet\sdk\7.0.402\Extensions,C:\Program Files\dotnet\sdk\7.0.402
TpTrace Verbose: 0 : 20236, 1, 2023/12/29, 19:11:09.194, 247041272651, vstest.console.dll, TestPluginCache.DiscoverTestExtensions: Discovering the extensions using extension path.
TpTrace Verbose: 0 : 20236, 1, 2023/12/29, 19:11:09.194, 247041272952, vstest.console.dll, TestPluginCache.GetExtensionPaths: Filtered extension paths: 
TpTrace Verbose: 0 : 20236, 1, 2023/12/29, 19:11:09.194, 247041273272, vstest.console.dll, TestPluginCache.GetExtensionPaths: Added default extension paths: C:\Program Files\dotnet\sdk\7.0.402\Extensions\Microsoft.Diagnostics.NETCore.Client.dll
C:\Program Files\dotnet\sdk\7.0.402\Extensions\Microsoft.TestPlatform.Extensions.BlameDataCollector.dll
C:\Program Files\dotnet\sdk\7.0.402\Extensions\Microsoft.TestPlatform.Extensions.EventLogCollector.dll
C:\Program Files\dotnet\sdk\7.0.402\Extensions\Microsoft.TestPlatform.TestHostRuntimeProvider.dll
C:\Program Files\dotnet\sdk\7.0.402\Extensions\Microsoft.VisualStudio.TestPlatform.Extensions.Html.TestLogger.dll
C:\Program Files\dotnet\sdk\7.0.402\Extensions\Microsoft.VisualStudio.TestPlatform.Extensions.Trx.TestLogger.dll
TpTrace Verbose: 0 : 20236, 1, 2023/12/29, 19:11:09.194, 247041273540, vstest.console.dll, TestPluginCache.GetExtensionPaths: Added unfilterableExtensionPaths: 
TpTrace Verbose: 0 : 20236, 1, 2023/12/29, 19:11:09.194, 247041273851, vstest.console.dll, TestPluginCache.DiscoverTestExtensions: Discovering the extensions using allExtensionPaths: C:\Program Files\dotnet\sdk\7.0.402\Extensions\Microsoft.Diagnostics.NETCore.Client.dll
C:\Program Files\dotnet\sdk\7.0.402\Extensions\Microsoft.TestPlatform.Extensions.BlameDataCollector.dll
C:\Program Files\dotnet\sdk\7.0.402\Extensions\Microsoft.TestPlatform.Extensions.EventLogCollector.dll
C:\Program Files\dotnet\sdk\7.0.402\Extensions\Microsoft.TestPlatform.TestHostRuntimeProvider.dll
C:\Program Files\dotnet\sdk\7.0.402\Extensions\Microsoft.VisualStudio.TestPlatform.Extensions.Html.TestLogger.dll
C:\Program Files\dotnet\sdk\7.0.402\Extensions\Microsoft.VisualStudio.TestPlatform.Extensions.Trx.TestLogger.dll
TpTrace Information: 0 : 20236, 1, 2023/12/29, 19:11:09.195, 247041274643, vstest.console.dll, AssemblyResolver.AddSearchDirectories: Adding more searchDirectories C:\Program Files\dotnet\sdk\7.0.402\Extensions,C:\Program Files\dotnet\sdk\7.0.402
TpTrace Information: 0 : 20236, 1, 2023/12/29, 19:11:09.195, 247041275046, vstest.console.dll, AssemblyResolver.AddSearchDirectories: Adding more searchDirectories C:\Program Files\dotnet\sdk\7.0.402\Extensions,C:\Program Files\dotnet\sdk\7.0.402
TpTrace Information: 0 : 20236, 1, 2023/12/29, 19:11:09.195, 247041275340, vstest.console.dll, AssemblyResolver.AddSearchDirectories: Adding more searchDirectories C:\Program Files\dotnet\sdk\7.0.402\Extensions,C:\Program Files\dotnet\sdk\7.0.402
TpTrace Information: 0 : 20236, 1, 2023/12/29, 19:11:09.195, 247041275610, vstest.console.dll, AssemblyResolver.AddSearchDirectories: Adding more searchDirectories C:\Program Files\dotnet\sdk\7.0.402\Extensions,C:\Program Files\dotnet\sdk\7.0.402
TpTrace Information: 0 : 20236, 1, 2023/12/29, 19:11:09.195, 247041275902, vstest.console.dll, AssemblyResolver.AddSearchDirectories: Adding more searchDirectories C:\Program Files\dotnet\sdk\7.0.402\Extensions,C:\Program Files\dotnet\sdk\7.0.402
TpTrace Information: 0 : 20236, 1, 2023/12/29, 19:11:09.195, 247041276180, vstest.console.dll, AssemblyResolver.AddSearchDirectories: Adding more searchDirectories C:\Program Files\dotnet\sdk\7.0.402\Extensions,C:\Program Files\dotnet\sdk\7.0.402
TpTrace Verbose: 0 : 20236, 1, 2023/12/29, 19:11:09.195, 247041277035, vstest.console.dll, MetadataReaderExtensionsHelper: Discovering extensions inside assembly 'Microsoft.Diagnostics.NETCore.Client, Version=0.2.8.21101, Culture=neutral, PublicKeyToken=31bf3856ad364e35' file path 'C:\Program Files\dotnet\sdk\7.0.402\Extensions\Microsoft.Diagnostics.NETCore.Client.dll'
TpTrace Information: 0 : 20236, 1, 2023/12/29, 19:11:09.196, 247041284765, vstest.console.dll, AssemblyResolver.OnResolve: Microsoft.Bcl.AsyncInterfaces: Resolving assembly.
TpTrace Information: 0 : 20236, 1, 2023/12/29, 19:11:09.196, 247041285198, vstest.console.dll, AssemblyResolver.OnResolve: Microsoft.Bcl.AsyncInterfaces: Resolved from cache.
TpTrace Verbose: 0 : 20236, 1, 2023/12/29, 19:11:09.196, 247041285513, vstest.console.dll, CurrentDomainAssemblyResolve: Resolving assembly 'Microsoft.Bcl.AsyncInterfaces'.
TpTrace Information: 0 : 20236, 1, 2023/12/29, 19:11:09.196, 247041285887, vstest.console.dll, AssemblyResolver.OnResolve: Microsoft.Bcl.AsyncInterfaces: Resolving assembly.
TpTrace Information: 0 : 20236, 1, 2023/12/29, 19:11:09.196, 247041286159, vstest.console.dll, AssemblyResolver.OnResolve: Microsoft.Bcl.AsyncInterfaces: Resolved from cache.
TpTrace Verbose: 0 : 20236, 1, 2023/12/29, 19:11:09.196, 247041286399, vstest.console.dll, CurrentDomainAssemblyResolve: Resolving assembly 'Microsoft.Bcl.AsyncInterfaces'.
TpTrace Verbose: 0 : 20236, 1, 2023/12/29, 19:11:09.196, 247041286632, vstest.console.dll, CurrentDomainAssemblyResolve: Failed to resolve assembly 'Microsoft.Bcl.AsyncInterfaces'.
TpTrace Verbose: 0 : 20236, 1, 2023/12/29, 19:11:09.196, 247041287846, vstest.console.dll, CurrentDomainAssemblyResolve: Failed to resolve assembly 'Microsoft.Bcl.AsyncInterfaces'.
TpTrace Warning: 0 : 20236, 1, 2023/12/29, 19:11:09.196, 247041290689, vstest.console.dll, TestPluginDiscoverer: Failed to get types from assembly 'Microsoft.Diagnostics.NETCore.Client, Version=0.2.8.21101, Culture=neutral, PublicKeyToken=31bf3856ad364e35'. Error: System.Reflection.ReflectionTypeLoadException: Unable to load one or more of the requested types.
Could not load file or assembly 'Microsoft.Bcl.AsyncInterfaces, Version=1.0.0.0, Culture=neutral, PublicKeyToken=cc7b13ffcd2ddd51'. The system cannot find the file specified.
   at System.Reflection.RuntimeModule.GetTypes(RuntimeModule module)
   at System.Reflection.Assembly.GetTypes()
   at Microsoft.VisualStudio.TestPlatform.Common.ExtensionFramework.TestPluginDiscoverer.GetTestExtensionsFromAssembly[TPluginInfo,TExtension](Assembly assembly, Dictionary`2 pluginInfos, String filePath) in /_/src/Microsoft.TestPlatform.Common/ExtensionFramework/TestPluginDiscoverer.cs:line 158
System.IO.FileNotFoundException: Could not load file or assembly 'Microsoft.Bcl.AsyncInterfaces, Version=1.0.0.0, Culture=neutral, PublicKeyToken=cc7b13ffcd2ddd51'. The system cannot find the file specified.
File name: 'Microsoft.Bcl.AsyncInterfaces, Version=1.0.0.0, Culture=neutral, PublicKeyToken=cc7b13ffcd2ddd51'
 ---> System.IO.FileNotFoundException: Could not load file or assembly 'Microsoft.Bcl.AsyncInterfaces, Culture=neutral, PublicKeyToken=null'. The system cannot find the file specified.
File name: 'Microsoft.Bcl.AsyncInterfaces, Culture=neutral, PublicKeyToken=null'
   at System.Reflection.RuntimeAssembly.InternalLoad(AssemblyName assemblyName, StackCrawlMark& stackMark, AssemblyLoadContext assemblyLoadContext, RuntimeAssembly requestingAssembly, Boolean throwOnFileNotFound)
   at System.Reflection.Assembly.Load(AssemblyName assemblyRef)
   at Microsoft.VisualStudio.TestPlatform.Common.ExtensionFramework.TestPluginCache.CurrentDomainAssemblyResolve(Object sender, AssemblyResolveEventArgs args) in /_/src/Microsoft.TestPlatform.Common/ExtensionFramework/TestPluginCache.cs:line 513
   at System.Runtime.Loader.AssemblyLoadContext.GetFirstResolvedAssemblyFromResolvingEvent(AssemblyName assemblyName)
   at System.Runtime.Loader.AssemblyLoadContext.ResolveUsingEvent(AssemblyName assemblyName)
   at System.Runtime.Loader.AssemblyLoadContext.ResolveUsingResolvingEvent(IntPtr gchManagedAssemblyLoadContext, AssemblyName assemblyName)
TpTrace Warning: 0 : 20236, 1, 2023/12/29, 19:11:09.196, 247041292480, vstest.console.dll, LoaderExceptions: System.IO.FileNotFoundException: Could not load file or assembly 'Microsoft.Bcl.AsyncInterfaces, Version=1.0.0.0, Culture=neutral, PublicKeyToken=cc7b13ffcd2ddd51'. The system cannot find the file specified.
File name: 'Microsoft.Bcl.AsyncInterfaces, Version=1.0.0.0, Culture=neutral, PublicKeyToken=cc7b13ffcd2ddd51'
 ---> System.IO.FileNotFoundException: Could not load file or assembly 'Microsoft.Bcl.AsyncInterfaces, Culture=neutral, PublicKeyToken=null'. The system cannot find the file specified.
File name: 'Microsoft.Bcl.AsyncInterfaces, Culture=neutral, PublicKeyToken=null'
   at System.Reflection.RuntimeAssembly.InternalLoad(AssemblyName assemblyName, StackCrawlMark& stackMark, AssemblyLoadContext assemblyLoadContext, RuntimeAssembly requestingAssembly, Boolean throwOnFileNotFound)
   at System.Reflection.Assembly.Load(AssemblyName assemblyRef)
   at Microsoft.VisualStudio.TestPlatform.Common.ExtensionFramework.TestPluginCache.CurrentDomainAssemblyResolve(Object sender, AssemblyResolveEventArgs args) in /_/src/Microsoft.TestPlatform.Common/ExtensionFramework/TestPluginCache.cs:line 513
   at System.Runtime.Loader.AssemblyLoadContext.GetFirstResolvedAssemblyFromResolvingEvent(AssemblyName assemblyName)
   at System.Runtime.Loader.AssemblyLoadContext.ResolveUsingEvent(AssemblyName assemblyName)
   at System.Runtime.Loader.AssemblyLoadContext.ResolveUsingResolvingEvent(IntPtr gchManagedAssemblyLoadContext, AssemblyName assemblyName)
TpTrace Verbose: 0 : 20236, 1, 2023/12/29, 19:11:09.196, 247041293230, vstest.console.dll, MetadataReaderExtensionsHelper: Discovering extensions inside assembly 'Microsoft.TestPlatform.Extensions.BlameDataCollector, Version=15.0.0.0, Culture=neutral, PublicKeyToken=b03f5f7f11d50a3a' file path 'C:\Program Files\dotnet\sdk\7.0.402\Extensions\Microsoft.TestPlatform.Extensions.BlameDataCollector.dll'
TpTrace Information: 0 : 20236, 1, 2023/12/29, 19:11:09.197, 247041298366, vstest.console.dll, GetTestExtensionFromType: Register extension with identifier data 'logger://Microsoft/TestPlatform/Extensions/Blame/v1' and type 'Microsoft.TestPlatform.Extensions.BlameDataCollector.BlameLogger, Microsoft.TestPlatform.Extensions.BlameDataCollector, Version=15.0.0.0, Culture=neutral, PublicKeyToken=b03f5f7f11d50a3a' inside file 'C:\Program Files\dotnet\sdk\7.0.402\Extensions\Microsoft.TestPlatform.Extensions.BlameDataCollector.dll'
TpTrace Verbose: 0 : 20236, 1, 2023/12/29, 19:11:09.197, 247041298883, vstest.console.dll, MetadataReaderExtensionsHelper: Discovering extensions inside assembly 'Microsoft.TestPlatform.Extensions.EventLogCollector, Version=15.0.0.0, Culture=neutral, PublicKeyToken=b03f5f7f11d50a3a' file path 'C:\Program Files\dotnet\sdk\7.0.402\Extensions\Microsoft.TestPlatform.Extensions.EventLogCollector.dll'
TpTrace Verbose: 0 : 20236, 1, 2023/12/29, 19:11:09.197, 247041302493, vstest.console.dll, MetadataReaderExtensionsHelper: Discovering extensions inside assembly 'Microsoft.TestPlatform.TestHostRuntimeProvider, Version=15.0.0.0, Culture=neutral, PublicKeyToken=b03f5f7f11d50a3a' file path 'C:\Program Files\dotnet\sdk\7.0.402\Extensions\Microsoft.TestPlatform.TestHostRuntimeProvider.dll'
TpTrace Verbose: 0 : 20236, 1, 2023/12/29, 19:11:09.198, 247041306037, vstest.console.dll, MetadataReaderExtensionsHelper: Discovering extensions inside assembly 'Microsoft.VisualStudio.TestPlatform.Extensions.Html.TestLogger, Version=15.0.0.0, Culture=neutral, PublicKeyToken=b03f5f7f11d50a3a' file path 'C:\Program Files\dotnet\sdk\7.0.402\Extensions\Microsoft.VisualStudio.TestPlatform.Extensions.Html.TestLogger.dll'
TpTrace Information: 0 : 20236, 1, 2023/12/29, 19:11:09.198, 247041311160, vstest.console.dll, GetTestExtensionFromType: Register extension with identifier data 'logger://Microsoft/TestPlatform/HtmlLogger/v1' and type 'Microsoft.VisualStudio.TestPlatform.Extensions.HtmlLogger.HtmlLogger, Microsoft.VisualStudio.TestPlatform.Extensions.Html.TestLogger, Version=15.0.0.0, Culture=neutral, PublicKeyToken=b03f5f7f11d50a3a' inside file 'C:\Program Files\dotnet\sdk\7.0.402\Extensions\Microsoft.VisualStudio.TestPlatform.Extensions.Html.TestLogger.dll'
TpTrace Verbose: 0 : 20236, 1, 2023/12/29, 19:11:09.198, 247041311683, vstest.console.dll, MetadataReaderExtensionsHelper: Discovering extensions inside assembly 'Microsoft.VisualStudio.TestPlatform.Extensions.Trx.TestLogger, Version=15.0.0.0, Culture=neutral, PublicKeyToken=b03f5f7f11d50a3a' file path 'C:\Program Files\dotnet\sdk\7.0.402\Extensions\Microsoft.VisualStudio.TestPlatform.Extensions.Trx.TestLogger.dll'
TpTrace Information: 0 : 20236, 1, 2023/12/29, 19:11:09.199, 247041321897, vstest.console.dll, GetTestExtensionFromType: Register extension with identifier data 'logger://Microsoft/TestPlatform/TrxLogger/v1' and type 'Microsoft.VisualStudio.TestPlatform.Extensions.TrxLogger.TrxLogger, Microsoft.VisualStudio.TestPlatform.Extensions.Trx.TestLogger, Version=15.0.0.0, Culture=neutral, PublicKeyToken=b03f5f7f11d50a3a' inside file 'C:\Program Files\dotnet\sdk\7.0.402\Extensions\Microsoft.VisualStudio.TestPlatform.Extensions.Trx.TestLogger.dll'
TpTrace Verbose: 0 : 20236, 1, 2023/12/29, 19:11:09.199, 247041323211, vstest.console.dll, TestPluginCache: Discovered the extensions using extension path ''.
TpTrace Verbose: 0 : 20236, 1, 2023/12/29, 19:11:09.199, 247041323611, vstest.console.dll, TestPluginCache: Discoverers are ''.
TpTrace Verbose: 0 : 20236, 1, 2023/12/29, 19:11:09.199, 247041323854, vstest.console.dll, TestPluginCache: Executors are ''.
TpTrace Verbose: 0 : 20236, 1, 2023/12/29, 19:11:09.200, 247041324080, vstest.console.dll, TestPluginCache: Executors2 are ''.
TpTrace Verbose: 0 : 20236, 1, 2023/12/29, 19:11:09.200, 247041324303, vstest.console.dll, TestPluginCache: Setting providers are ''.
TpTrace Verbose: 0 : 20236, 1, 2023/12/29, 19:11:09.200, 247041325005, vstest.console.dll, TestPluginCache: Loggers are 'logger://Microsoft/TestPlatform/Extensions/Blame/v1,logger://Microsoft/TestPlatform/HtmlLogger/v1,logger://Microsoft/TestPlatform/TrxLogger/v1'.
TpTrace Verbose: 0 : 20236, 1, 2023/12/29, 19:11:09.200, 247041325400, vstest.console.dll, TestPluginCache: TestHosts are 'HostProvider://DefaultTestHost,HostProvider://DotnetTestHost'.
TpTrace Verbose: 0 : 20236, 1, 2023/12/29, 19:11:09.200, 247041325671, vstest.console.dll, TestPluginCache: DataCollectors are ''.
TpTrace Information: 0 : 20236, 1, 2023/12/29, 19:11:09.200, 247041333726, vstest.console.dll, TestPluginManager.CreateTestExtension: Attempting to load test extension: Microsoft.TestPlatform.Extensions.BlameDataCollector.BlameLogger
TpTrace Verbose: 0 : 20236, 1, 2023/12/29, 19:11:09.207, 247041399944, vstest.console.dll, TestEngine: Initializing Parallel Execution as MaxCpuCount is set to: 1
TpTrace Information: 0 : 20236, 1, 2023/12/29, 19:11:09.209, 247041414327, vstest.console.dll, TestPluginManager.CreateTestExtension: Attempting to load test extension: Microsoft.VisualStudio.TestPlatform.CrossPlatEngine.Hosting.DefaultTestHostManager
TpTrace Information: 0 : 20236, 1, 2023/12/29, 19:11:09.210, 247041426405, vstest.console.dll, TestPluginManager.CreateTestExtension: Attempting to load test extension: Microsoft.VisualStudio.TestPlatform.CrossPlatEngine.Hosting.DotnetTestHostManager
TpTrace Information: 0 : 20236, 1, 2023/12/29, 19:11:09.210, 247041433790, vstest.console.dll, InferRunSettingsHelper.IsTestSettingsEnabled: Unable to navigate to RunSettings/MSTest. Current node: RunSettings
TpTrace Verbose: 0 : 20236, 1, 2023/12/29, 19:11:09.211, 247041439512, vstest.console.dll, ParallelOperationManager.ClearSlots: Clearing all slots. Slots should accept more work: True
TpTrace Verbose: 0 : 20236, 1, 2023/12/29, 19:11:09.212, 247041446080, vstest.console.dll, ParallelOperationManager.SetOccupiedSlotCount: Setting slot counts AvailableSlotCount = 1, OccupiedSlotCount = 0.
TpTrace Verbose: 0 : 20236, 1, 2023/12/29, 19:11:09.212, 247041449575, vstest.console.dll, Occupied slots:

TpTrace Verbose: 0 : 20236, 1, 2023/12/29, 19:11:09.215, 247041475813, vstest.console.dll, TestEngine.GetExecutionManager: Chosen execution manager 'Microsoft.VisualStudio.TestPlatform.CrossPlatEngine.Client.Parallel.ParallelProxyExecutionManager, Microsoft.TestPlatform.CrossPlatEngine, Version=15.0.0.0, Culture=neutral, PublicKeyToken=b03f5f7f11d50a3a' ParallelLevel '1'.
TpTrace Verbose: 0 : 20236, 1, 2023/12/29, 19:11:09.215, 247041477080, vstest.console.dll, TestRunRequest.ExecuteAsync: Creating test run request.
TpTrace Verbose: 0 : 20236, 1, 2023/12/29, 19:11:09.215, 247041479054, vstest.console.dll, TestRunRequest.ExecuteAsync: Starting.
TpTrace Information: 0 : 20236, 1, 2023/12/29, 19:11:09.215, 247041481669, vstest.console.dll, TestRunRequest.ExecuteAsync: Starting run with settings:TestRunCriteria:
   KeepAlive=False,FrequencyOfRunStatsChangeEvent=10,RunStatsChangeEventTimeout=00:00:01.5000000,TestCaseFilter=,TestExecutorLauncher=
   Settingsxml=<RunSettings>
  <RunConfiguration>
    <ResultsDirectory>E:\KPI\C#\4\GoodsStore.Tests\bin\Debug\net6.0\fine-code-coverage\coverage-tool-output</ResultsDirectory>
    <TargetPlatform>X64</TargetPlatform>
    <TargetFrameworkVersion>.NETCoreApp,Version=v6.0</TargetFrameworkVersion>
    <DesignMode>False</DesignMode>
    <CollectSourceInformation>False</CollectSourceInformation>
  </RunConfiguration>
  <LoggerRunSettings>
    <Loggers>
      <Logger friendlyName="blame" enabled="True" />
      <Logger friendlyName="Console" uri="logger://microsoft/TestPlatform/ConsoleLogger/v1" assemblyQualifiedName="Microsoft.VisualStudio.TestPlatform.CommandLine.Internal.ConsoleLogger, vstest.console, Version=15.0.0.0, Culture=neutral, PublicKeyToken=b03f5f7f11d50a3a" codeBase="C:\Program Files\dotnet\sdk\7.0.402\vstest.console.dll" enabled="True" />
    </Loggers>
  </LoggerRunSettings>
  <DataCollectionRunSettings>
    <DataCollectors>
      <DataCollector friendlyName="blame" enabled="True">
        <Configuration>
          <ResultsDirectory>E:\KPI\C#\4\GoodsStore.Tests\bin\Debug\net6.0\fine-code-coverage\coverage-tool-output</ResultsDirectory>
        </Configuration>
      </DataCollector>
    </DataCollectors>
  </DataCollectionRunSettings>
</RunSettings>

TpTrace Verbose: 0 : 20236, 1, 2023/12/29, 19:11:09.215, 247041482206, vstest.console.dll, TestRunRequest.ExecuteAsync: Wait for the first run request is over.
TpTrace Verbose: 0 : 20236, 1, 2023/12/29, 19:11:09.216, 247041484765, vstest.console.dll, MulticastDelegateUtilities.SafeInvoke: TestRun.TestRunStart: Invoking callbacks was skipped because there are no subscribers.
TpTrace Verbose: 0 : 20236, 4, 2023/12/29, 19:11:09.216, 247041486506, vstest.console.dll, MulticastDelegateUtilities.SafeInvoke: InternalTestLoggerEvents.SendTestRunStart: Invoking callback 1/1 for Microsoft.VisualStudio.TestPlatform.CommandLine.Internal.ConsoleLogger., took 0 ms.
TpTrace Verbose: 0 : 20236, 1, 2023/12/29, 19:11:09.217, 247041494908, vstest.console.dll, ParallelProxyExecutionManager: Start execution. Total sources: 1
TpTrace Verbose: 0 : 20236, 1, 2023/12/29, 19:11:09.217, 247041497938, vstest.console.dll, ParallelOperationManager.StartWork: Starting adding 1 workloads.
TpTrace Verbose: 0 : 20236, 1, 2023/12/29, 19:11:09.217, 247041498996, vstest.console.dll, ParallelOperationManager.ClearSlots: Clearing all slots. Slots should accept more work: True
TpTrace Verbose: 0 : 20236, 1, 2023/12/29, 19:11:09.217, 247041499634, vstest.console.dll, ParallelOperationManager.SetOccupiedSlotCount: Setting slot counts AvailableSlotCount = 1, OccupiedSlotCount = 0.
TpTrace Verbose: 0 : 20236, 1, 2023/12/29, 19:11:09.217, 247041500007, vstest.console.dll, Occupied slots:

TpTrace Verbose: 0 : 20236, 1, 2023/12/29, 19:11:09.218, 247041511726, vstest.console.dll, TestRequestSender is acting as server.
TpTrace Verbose: 0 : 20236, 1, 2023/12/29, 19:11:09.219, 247041521583, vstest.console.dll, ParallelOperationManager.RunWorkInParallel: Adding 1 workload to slot, remaining workloads 0.
TpTrace Verbose: 0 : 20236, 1, 2023/12/29, 19:11:09.219, 247041522074, vstest.console.dll, ParallelOperationManager.SetOccupiedSlotCount: Setting slot counts AvailableSlotCount = 0, OccupiedSlotCount = 1.
TpTrace Verbose: 0 : 20236, 1, 2023/12/29, 19:11:09.219, 247041522927, vstest.console.dll, Occupied slots:
0: E:\KPI\C#\4\GoodsStore.Tests\bin\Debug\net6.0\fine-code-coverage\build-output\GoodsStore.Tests.dll
TpTrace Verbose: 0 : 20236, 1, 2023/12/29, 19:11:09.220, 247041532620, vstest.console.dll, ParallelOperationManager.RunWorkInParallel: Started host in slot number 0 for work (source): E:\KPI\C#\4\GoodsStore.Tests\bin\Debug\net6.0\fine-code-coverage\build-output\GoodsStore.Tests.dll.
TpTrace Verbose: 0 : 20236, 1, 2023/12/29, 19:11:09.221, 247041539558, vstest.console.dll, ParallelOperationManager.RunWorkInParallel: We started 1 work items, which is the max parallel level. Won't start more work.
TpTrace Verbose: 0 : 20236, 1, 2023/12/29, 19:11:09.221, 247041539993, vstest.console.dll, ParallelOperationManager.RunWorkInParallel: We started 1 work items in here, returning True.
TpTrace Information: 0 : 20236, 1, 2023/12/29, 19:11:09.221, 247041540299, vstest.console.dll, TestRunRequest.ExecuteAsync: Started.
TpTrace Verbose: 0 : 20236, 1, 2023/12/29, 19:11:09.221, 247041540822, vstest.console.dll, TestRunRequest.WaitForCompletion: Waiting with timeout -1.
TpTrace Verbose: 0 : 20236, 5, 2023/12/29, 19:11:09.221, 247041541353, vstest.console.dll, ParallelProxyExecutionManager.StartTestRunOnConcurrentManager: Initializing uninitialized client. Started clients: 0
TpTrace Verbose: 0 : 20236, 5, 2023/12/29, 19:11:09.221, 247041542645, vstest.console.dll, DataCollectionRequestSender.InitializeCommunication : Initialize communication. 
TpTrace Information: 0 : 20236, 5, 2023/12/29, 19:11:09.225, 247041578995, vstest.console.dll, Listening on Endpoint : 127.0.0.1:54934
TpTrace Verbose: 0 : 20236, 5, 2023/12/29, 19:11:09.231, 247041637583, vstest.console.dll, DotnetDataCollectionLauncher: Adding  --runtimeconfig "C:\Program Files\dotnet\sdk\7.0.402\datacollector.runtimeconfig.json" in args
TpTrace Verbose: 0 : 20236, 5, 2023/12/29, 19:11:09.231, 247041638823, vstest.console.dll, DotnetDataCollectionLauncher: Adding  --depsfile "C:\Program Files\dotnet\sdk\7.0.402\datacollector.deps.json" in args
TpTrace Verbose: 0 : 20236, 5, 2023/12/29, 19:11:09.231, 247041641146, vstest.console.dll, DotnetDataCollectionLauncher: Full path of dotnet.exe is C:\Program Files\dotnet\dotnet.exe
TpTrace Information: 0 : 20236, 5, 2023/12/29, 19:11:09.237, 247041696538, vstest.console.dll, ProxyDataCollectionManager.Initialize: Launched datacollector processId: 25832 port: 54934
TpTrace Information: 0 : 20236, 5, 2023/12/29, 19:11:09.237, 247041697646, vstest.console.dll, ProxyDataCollectionManager.Initialize: waiting for connection with timeout: 90 seconds
TpTrace Verbose: 0 : 20236, 5, 2023/12/29, 19:11:09.237, 247041698174, vstest.console.dll, DataCollectionRequestSender.WaitForRequestHandlerConnection : Waiting for connection with timeout: 90000
TpTrace Information: 0 : 20236, 7, 2023/12/29, 19:11:09.372, 247043045449, vstest.console.dll, Using the buffer size of 16384 bytes
TpTrace Information: 0 : 20236, 7, 2023/12/29, 19:11:09.372, 247043046400, vstest.console.dll, Accepted Client request and set the flag
TpTrace Verbose: 0 : 20236, 5, 2023/12/29, 19:11:09.372, 247043045800, vstest.console.dll, SocketCommunicationManager.WaitForClientConnection took: 134 ms, with 90000 ms timeout, and finished with True.
TpTrace Verbose: 0 : 20236, 5, 2023/12/29, 19:11:09.372, 247043047669, vstest.console.dll, ProxyDataCollectionManager.InvokeDataCollectionServiceAction: Starting.
TpTrace Information: 0 : 20236, 5, 2023/12/29, 19:11:09.372, 247043048296, vstest.console.dll, ProxyDataCollectionManager.BeforeTestRunStart: Get environment variable and port for datacollector processId: 25832 port: 54934
TpTrace Verbose: 0 : 20236, 5, 2023/12/29, 19:11:09.372, 247043049204, vstest.console.dll, DataCollectionRequestSender.SendBeforeTestRunStartAndGetResult: Send BeforeTestRunStart message with settingsXml <RunSettings><RunConfiguration><ResultsDirectory>E:\KPI\C#\4\GoodsStore.Tests\bin\Debug\net6.0\fine-code-coverage\coverage-tool-output</ResultsDirectory><TargetPlatform>X64</TargetPlatform><TargetFrameworkVersion>.NETCoreApp,Version=v6.0</TargetFrameworkVersion><DesignMode>False</DesignMode><CollectSourceInformation>False</CollectSourceInformation><TestAdaptersPaths>C:\Program Files\dotnet\sdk\7.0.402\Extensions</TestAdaptersPaths></RunConfiguration><LoggerRunSettings><Loggers><Logger friendlyName="blame" enabled="True" /><Logger friendlyName="Console" uri="logger://microsoft/TestPlatform/ConsoleLogger/v1" assemblyQualifiedName="Microsoft.VisualStudio.TestPlatform.CommandLine.Internal.ConsoleLogger, vstest.console, Version=15.0.0.0, Culture=neutral, PublicKeyToken=b03f5f7f11d50a3a" codeBase="C:\Program Files\dotnet\sdk\7.0.402\vstest.console.dll" enabled="True" /></Loggers></LoggerRunSettings><DataCollectionRunSettings><DataCollectors><DataCollector friendlyName="blame" enabled="True"><Configuration><ResultsDirectory>E:\KPI\C#\4\GoodsStore.Tests\bin\Debug\net6.0\fine-code-coverage\coverage-tool-output</ResultsDirectory></Configuration></DataCollector></DataCollectors></DataCollectionRunSettings></RunSettings> and sources System.Collections.Generic.List`1[System.String]: 
TpTrace Verbose: 0 : 20236, 5, 2023/12/29, 19:11:09.437, 247043703394, vstest.console.dll, DataCollectionRequestSender.SendBeforeTestRunStartAndGetResult: Received message: (DataCollection.SendMessage) -> {"MessageType":"DataCollection.SendMessage","Payload":{"FriendlyName":null,"Uri":null,"TestCaseId":"00000000-0000-0000-0000-000000000000","Message":"Logging DataCollector Diagnostics in file: E:\\KPI\\C#\\4\\GoodsStore.Tests\\bin\\Debug\\net6.0\\fine-code-coverage\\coverage-tool-output\\diagnostics.datacollector.23-12-29_19-11-09_23109_5.log","Level":0}}
TpTrace Verbose: 0 : 20236, 5, 2023/12/29, 19:11:09.510, 247044424818, vstest.console.dll, DataCollectionRequestSender.SendBeforeTestRunStartAndGetResult: Received message: (DataCollection.BeforeTestRunStartResult) -> {"MessageType":"DataCollection.BeforeTestRunStartResult","Payload":{"EnvironmentVariables":{},"DataCollectionEventsPort":54936}}
TpTrace Information: 0 : 20236, 5, 2023/12/29, 19:11:09.513, 247044463718, vstest.console.dll, ProxyDataCollectionManager.BeforeTestRunStart: SendBeforeTestRunStartAndGetResult successful, env variable from datacollector:   and testhost port: 54936
TpTrace Information: 0 : 20236, 5, 2023/12/29, 19:11:09.514, 247044464605, vstest.console.dll, ProxyDataCollectionManager.InvokeDataCollectionServiceAction: Completed.
TpTrace Verbose: 0 : 20236, 5, 2023/12/29, 19:11:09.514, 247044464972, vstest.console.dll, ParallelProxyExecutionManager.StartTestRunOnConcurrentManager: Initializing test run. Started clients: 0
TpTrace Verbose: 0 : 20236, 5, 2023/12/29, 19:11:09.514, 247044465710, vstest.console.dll, ProxyExecutionManager: Test host is always Lazy initialize.
TpTrace Verbose: 0 : 20236, 5, 2023/12/29, 19:11:09.514, 247044467801, vstest.console.dll, TestRequestSender.InitializeCommunication: initialize communication. 
TpTrace Information: 0 : 20236, 5, 2023/12/29, 19:11:09.514, 247044471834, vstest.console.dll, SocketServer.Start: Listening on endpoint : 127.0.0.1:54937
TpTrace Verbose: 0 : 20236, 5, 2023/12/29, 19:11:09.515, 247044478774, vstest.console.dll, DotnetTestHostmanager.GetTestHostProcessStartInfo: Platform environment 'X64' target architecture 'X64' framework '.NETCoreApp,Version=v6.0' OS 'Windows'
TpTrace Verbose: 0 : 20236, 5, 2023/12/29, 19:11:09.515, 247044480020, vstest.console.dll, DotnetTestHostmanager: Adding  --runtimeconfig "E:\KPI\C#\4\GoodsStore.Tests\bin\Debug\net6.0\fine-code-coverage\build-output\GoodsStore.Tests.runtimeconfig.json" in args
TpTrace Verbose: 0 : 20236, 5, 2023/12/29, 19:11:09.515, 247044480549, vstest.console.dll, DotnetTestHostmanager: Adding  --depsfile "E:\KPI\C#\4\GoodsStore.Tests\bin\Debug\net6.0\fine-code-coverage\build-output\GoodsStore.Tests.deps.json" in args
TpTrace Verbose: 0 : 20236, 5, 2023/12/29, 19:11:09.515, 247044481776, vstest.console.dll, DotnetTestHostmanager.IsWinOnArm: Current PROCESSOR_ARCHITECTURE from environment variable 'AMD64'
TpTrace Verbose: 0 : 20236, 5, 2023/12/29, 19:11:09.515, 247044482251, vstest.console.dll, DotnetTestHostmanager.IsWinOnArm: Is Windows on ARM 'False'
TpTrace Verbose: 0 : 20236, 5, 2023/12/29, 19:11:09.515, 247044482721, vstest.console.dll, DotnetTestHostManager: testhost.exe found at path: E:\KPI\C#\4\GoodsStore.Tests\bin\Debug\net6.0\fine-code-coverage\build-output\testhost.exe
TpTrace Verbose: 0 : 20236, 5, 2023/12/29, 19:11:09.515, 247044483062, vstest.console.dll, DotnetTestHostmanager: Full path of host exe is E:\KPI\C#\4\GoodsStore.Tests\bin\Debug\net6.0\fine-code-coverage\build-output\testhost.exe
TpTrace Verbose: 0 : 20236, 5, 2023/12/29, 19:11:09.515, 247044484027, vstest.console.dll, DotnetTestHostmanager.LaunchTestHostAsync: Found 'VSTEST_WINAPPHOST_DOTNET_ROOT' in env variables, value 'C:\Program Files\dotnet', forwarding to 'DOTNET_ROOT'
TpTrace Verbose: 0 : 20236, 5, 2023/12/29, 19:11:09.516, 247044485376, vstest.console.dll, DotnetTestHostManager: Starting process 'E:\KPI\C#\4\GoodsStore.Tests\bin\Debug\net6.0\fine-code-coverage\build-output\testhost.exe' with command line ' --runtimeconfig "E:\KPI\C#\4\GoodsStore.Tests\bin\Debug\net6.0\fine-code-coverage\build-output\GoodsStore.Tests.runtimeconfig.json" --depsfile "E:\KPI\C#\4\GoodsStore.Tests\bin\Debug\net6.0\fine-code-coverage\build-output\GoodsStore.Tests.deps.json" --port 54937 --endpoint 127.0.0.1:054937 --role client --parentprocessid 20236 --diag "E:\KPI\C#\4\GoodsStore.Tests\bin\Debug\net6.0\fine-code-coverage\coverage-tool-output\diagnostics.host.23-12-29_19-11-09_51512_5.log" --tracelevel 4 --datacollectionport 54936 --telemetryoptedin false'
TpTrace Verbose: 0 : 20236, 5, 2023/12/29, 19:11:09.527, 247044600423, vstest.console.dll, MulticastDelegateUtilities.SafeInvoke: HostProviderEvents.OnHostLaunched: Invoking callback 1/2 for Microsoft.VisualStudio.TestPlatform.CrossPlatEngine.Client.ProxyExecutionManagerWithDataCollection., took 0 ms.
TpTrace Verbose: 0 : 20236, 5, 2023/12/29, 19:11:09.527, 247044602463, vstest.console.dll, Test Runtime launched
TpTrace Verbose: 0 : 20236, 5, 2023/12/29, 19:11:09.527, 247044603008, vstest.console.dll, MulticastDelegateUtilities.SafeInvoke: HostProviderEvents.OnHostLaunched: Invoking callback 2/2 for Microsoft.VisualStudio.TestPlatform.CrossPlatEngine.Client.ProxyOperationManager., took 0 ms.
TpTrace Verbose: 0 : 20236, 5, 2023/12/29, 19:11:09.528, 247044604235, vstest.console.dll, TestRequestSender.WaitForRequestHandlerConnection: waiting for connection with timeout: 90000.
TpTrace Verbose: 0 : 20236, 7, 2023/12/29, 19:11:09.682, 247046148662, vstest.console.dll, MulticastDelegateUtilities.SafeInvoke: SocketServer: ClientConnected: Invoking callback 1/1 for Microsoft.VisualStudio.TestPlatform.CommunicationUtilities.TestRequestSender., took 0 ms.
TpTrace Verbose: 0 : 20236, 7, 2023/12/29, 19:11:09.682, 247046149604, vstest.console.dll, SocketServer.OnClientConnected: Client connected for endPoint: 127.0.0.1:54937, starting MessageLoopAsync:
TpTrace Verbose: 0 : 20236, 5, 2023/12/29, 19:11:09.682, 247046148762, vstest.console.dll, TestRequestSender.WaitForRequestHandlerConnection: waiting took 154 ms, with timeout 90000 ms, and result 0, which is success.
TpTrace Verbose: 0 : 20236, 7, 2023/12/29, 19:11:09.682, 247046151082, vstest.console.dll, TcpClientExtensions.MessageLoopAsync: Polling on remoteEndPoint: 127.0.0.1:54938 localEndPoint: 127.0.0.1:54937
TpTrace Verbose: 0 : 20236, 5, 2023/12/29, 19:11:09.683, 247046157629, vstest.console.dll, TestRequestSender.CheckVersionWithTestHost: Sending check version message: {"MessageType":"ProtocolVersion","Payload":7}
TpTrace Verbose: 0 : 20236, 7, 2023/12/29, 19:11:09.797, 247047300886, vstest.console.dll, TcpClientExtensions.MessageLoopAsync: NotifyDataAvailable remoteEndPoint: 127.0.0.1:54938 localEndPoint: 127.0.0.1:54937
TpTrace Verbose: 0 : 20236, 7, 2023/12/29, 19:11:09.797, 247047302881, vstest.console.dll, TestRequestSender.CheckVersionWithTestHost: onMessageReceived received message: (ProtocolVersion) -> {"MessageType":"ProtocolVersion","Payload":7}
TpTrace Verbose: 0 : 20236, 7, 2023/12/29, 19:11:09.798, 247047308802, vstest.console.dll, MulticastDelegateUtilities.SafeInvoke: LengthPrefixCommunicationChannel: MessageReceived: Invoking callback 1/1 for Microsoft.VisualStudio.TestPlatform.CommunicationUtilities.TestRequestSender+<>c__DisplayClass29_0., took 0 ms.
TpTrace Verbose: 0 : 20236, 5, 2023/12/29, 19:11:09.798, 247047309558, vstest.console.dll, TestPluginCache.GetExtensionPaths: Filtered extension paths: 
TpTrace Verbose: 0 : 20236, 7, 2023/12/29, 19:11:09.798, 247047309776, vstest.console.dll, TcpClientExtensions.MessageLoopAsync: Polling on remoteEndPoint: 127.0.0.1:54938 localEndPoint: 127.0.0.1:54937
TpTrace Verbose: 0 : 20236, 5, 2023/12/29, 19:11:09.798, 247047310170, vstest.console.dll, TestPluginCache.GetExtensionPaths: Added default extension paths: C:\Program Files\dotnet\sdk\7.0.402\Extensions\Microsoft.Diagnostics.NETCore.Client.dll
C:\Program Files\dotnet\sdk\7.0.402\Extensions\Microsoft.TestPlatform.Extensions.BlameDataCollector.dll
C:\Program Files\dotnet\sdk\7.0.402\Extensions\Microsoft.TestPlatform.Extensions.EventLogCollector.dll
C:\Program Files\dotnet\sdk\7.0.402\Extensions\Microsoft.TestPlatform.TestHostRuntimeProvider.dll
C:\Program Files\dotnet\sdk\7.0.402\Extensions\Microsoft.VisualStudio.TestPlatform.Extensions.Html.TestLogger.dll
C:\Program Files\dotnet\sdk\7.0.402\Extensions\Microsoft.VisualStudio.TestPlatform.Extensions.Trx.TestLogger.dll
TpTrace Verbose: 0 : 20236, 5, 2023/12/29, 19:11:09.798, 247047311291, vstest.console.dll, TestPluginCache.GetExtensionPaths: Added unfilterableExtensionPaths: 
TpTrace Verbose: 0 : 20236, 5, 2023/12/29, 19:11:09.801, 247047340983, vstest.console.dll, TestRequestSender.InitializeExecution: Sending initialize execution with message: {"Version":7,"MessageType":"TestExecution.Initialize","Payload":["E:\\KPI\\C#\\4\\GoodsStore.Tests\\bin\\Debug\\net6.0\\fine-code-coverage\\build-output\\xunit.runner.visualstudio.dotnetcore.testadapter.dll"]}
TpTrace Verbose: 0 : 20236, 5, 2023/12/29, 19:11:09.801, 247047343095, vstest.console.dll, ParallelProxyExecutionManager.StartTestRunOnConcurrentManager: Execution starting. Started clients: 1
TpTrace Verbose: 0 : 20236, 5, 2023/12/29, 19:11:09.802, 247047345897, vstest.console.dll, TestRunRequest:SendTestRunMessage: Starting.
TpTrace Verbose: 0 : 20236, 5, 2023/12/29, 19:11:09.802, 247047347339, vstest.console.dll, MulticastDelegateUtilities.SafeInvoke: TestRun.LogMessages: Invoking callback 1/1 for Microsoft.VisualStudio.TestPlatform.CommandLine.TestRunResultAggregator., took 0 ms.
TpTrace Information: 0 : 20236, 5, 2023/12/29, 19:11:09.802, 247047347738, vstest.console.dll, TestRunRequest:SendTestRunMessage: Completed.
TpTrace Verbose: 0 : 20236, 4, 2023/12/29, 19:11:09.802, 247047349056, vstest.console.dll, MulticastDelegateUtilities.SafeInvoke: InternalTestLoggerEvents.SendTestRunMessage: Invoking callback 1/1 for Microsoft.VisualStudio.TestPlatform.CommandLine.Internal.ConsoleLogger., took 0 ms.
TpTrace Warning: 0 : 20236, 5, 2023/12/29, 19:11:09.802, 247047351319, vstest.console.dll, InferRunSettingsHelper.MakeRunsettingsCompatible: Removing the following settings: TargetPlatform from RunSettings file. To use those settings please move to latest version of Microsoft.NET.Test.Sdk
TpTrace Verbose: 0 : 20236, 7, 2023/12/29, 19:11:09.802, 247047352323, vstest.console.dll, TcpClientExtensions.MessageLoopAsync: NotifyDataAvailable remoteEndPoint: 127.0.0.1:54938 localEndPoint: 127.0.0.1:54937
TpTrace Verbose: 0 : 20236, 7, 2023/12/29, 19:11:09.802, 247047353591, vstest.console.dll, LengthPrefixCommunicationChannel.NotifyDataAvailable: New data are waiting to be received, but there is no subscriber to be notified. Not reading them from the stream.
TpTrace Verbose: 0 : 20236, 7, 2023/12/29, 19:11:09.802, 247047354068, vstest.console.dll, TcpClientExtensions.MessageLoopAsync: Polling on remoteEndPoint: 127.0.0.1:54938 localEndPoint: 127.0.0.1:54937
TpTrace Verbose: 0 : 20236, 7, 2023/12/29, 19:11:09.803, 247047354453, vstest.console.dll, TcpClientExtensions.MessageLoopAsync: NotifyDataAvailable remoteEndPoint: 127.0.0.1:54938 localEndPoint: 127.0.0.1:54937
TpTrace Verbose: 0 : 20236, 7, 2023/12/29, 19:11:09.803, 247047356783, vstest.console.dll, TestRequestSender.OnExecutionMessageReceived: Received message: {"Version":7,"MessageType":"TestSession.Message","Payload":{"MessageLevel":0,"Message":"Logging TestHost Diagnostics in file: E:\\KPI\\C#\\4\\GoodsStore.Tests\\bin\\Debug\\net6.0\\fine-code-coverage\\coverage-tool-output\\diagnostics.host.23-12-29_19-11-09_51512_5.log"}}
TpTrace Verbose: 0 : 20236, 7, 2023/12/29, 19:11:09.805, 247047376989, vstest.console.dll, TestRunRequest:SendTestRunMessage: Starting.
TpTrace Verbose: 0 : 20236, 7, 2023/12/29, 19:11:09.805, 247047378397, vstest.console.dll, MulticastDelegateUtilities.SafeInvoke: TestRun.LogMessages: Invoking callback 1/1 for Microsoft.VisualStudio.TestPlatform.CommandLine.TestRunResultAggregator., took 0 ms.
TpTrace Information: 0 : 20236, 7, 2023/12/29, 19:11:09.805, 247047378797, vstest.console.dll, TestRunRequest:SendTestRunMessage: Completed.
TpTrace Verbose: 0 : 20236, 4, 2023/12/29, 19:11:09.805, 247047378894, vstest.console.dll, MulticastDelegateUtilities.SafeInvoke: InternalTestLoggerEvents.SendTestRunMessage: Invoking callback 1/1 for Microsoft.VisualStudio.TestPlatform.CommandLine.Internal.ConsoleLogger., took 0 ms.
TpTrace Verbose: 0 : 20236, 7, 2023/12/29, 19:11:09.805, 247047379172, vstest.console.dll, MulticastDelegateUtilities.SafeInvoke: LengthPrefixCommunicationChannel: MessageReceived: Invoking callback 1/1 for Microsoft.VisualStudio.TestPlatform.CommunicationUtilities.TestRequestSender+<>c__DisplayClass34_0., took 2 ms.
TpTrace Verbose: 0 : 20236, 7, 2023/12/29, 19:11:09.805, 247047380000, vstest.console.dll, TcpClientExtensions.MessageLoopAsync: Polling on remoteEndPoint: 127.0.0.1:54938 localEndPoint: 127.0.0.1:54937
TpTrace Verbose: 0 : 20236, 5, 2023/12/29, 19:11:09.809, 247047417738, vstest.console.dll, TestRequestSender.StartTestRun: Sending test run with message: {"Version":7,"MessageType":"TestExecution.StartWithSources","Payload":{"AdapterSourceMap":{"_none_":["E:\\KPI\\C#\\4\\GoodsStore.Tests\\bin\\Debug\\net6.0\\fine-code-coverage\\build-output\\GoodsStore.Tests.dll"]},"RunSettings":"<RunSettings>\r\n  <RunConfiguration>\r\n    <ResultsDirectory>E:\\KPI\\C#\\4\\GoodsStore.Tests\\bin\\Debug\\net6.0\\fine-code-coverage\\coverage-tool-output</ResultsDirectory>\r\n    <TargetFrameworkVersion>.NETCoreApp,Version=v6.0</TargetFrameworkVersion>\r\n    <DesignMode>False</DesignMode>\r\n    <CollectSourceInformation>False</CollectSourceInformation>\r\n  </RunConfiguration>\r\n  <LoggerRunSettings>\r\n    <Loggers>\r\n      <Logger friendlyName=\"blame\" enabled=\"True\" />\r\n      <Logger friendlyName=\"Console\" uri=\"logger://microsoft/TestPlatform/ConsoleLogger/v1\" assemblyQualifiedName=\"Microsoft.VisualStudio.TestPlatform.CommandLine.Internal.ConsoleLogger, vstest.console, Version=15.0.0.0, Culture=neutral, PublicKeyToken=b03f5f7f11d50a3a\" codeBase=\"C:\\Program Files\\dotnet\\sdk\\7.0.402\\vstest.console.dll\" enabled=\"True\" />\r\n    </Loggers>\r\n  </LoggerRunSettings>\r\n  <DataCollectionRunSettings>\r\n    <DataCollectors>\r\n      <DataCollector friendlyName=\"blame\" enabled=\"True\">\r\n        <Configuration>\r\n          <ResultsDirectory>E:\\KPI\\C#\\4\\GoodsStore.Tests\\bin\\Debug\\net6.0\\fine-code-coverage\\coverage-tool-output</ResultsDirectory>\r\n        </Configuration>\r\n      </DataCollector>\r\n    </DataCollectors>\r\n  </DataCollectionRunSettings>\r\n</RunSettings>","TestExecutionContext":{"FrequencyOfRunStatsChangeEvent":10,"RunStatsChangeEventTimeout":"00:00:01.5000000","InIsolation":false,"KeepAlive":false,"AreTestCaseLevelEventsRequired":false,"IsDebug":false,"TestCaseFilter":null,"FilterOptions":null},"Package":null}}
TpTrace Verbose: 0 : 20236, 5, 2023/12/29, 19:11:09.809, 247047419284, vstest.console.dll, ParallelProxyExecutionManager.StartTestRunOnConcurrentManager: Execution started. Started clients: 1
TpTrace Verbose: 0 : 20236, 7, 2023/12/29, 19:11:09.949, 247048822951, vstest.console.dll, TcpClientExtensions.MessageLoopAsync: NotifyDataAvailable remoteEndPoint: 127.0.0.1:54938 localEndPoint: 127.0.0.1:54937
TpTrace Verbose: 0 : 20236, 7, 2023/12/29, 19:11:09.950, 247048824238, vstest.console.dll, TestRequestSender.OnExecutionMessageReceived: Received message: {"Version":7,"MessageType":"TestSession.Message","Payload":{"MessageLevel":0,"Message":"[xUnit.net 00:00:00.00] xUnit.net VSTest Adapter v2.4.5+1caef2f33e (64-bit .NET 6.0.23)"}}
TpTrace Verbose: 0 : 20236, 7, 2023/12/29, 19:11:09.950, 247048826328, vstest.console.dll, TestRunRequest:SendTestRunMessage: Starting.
TpTrace Verbose: 0 : 20236, 7, 2023/12/29, 19:11:09.950, 247048826912, vstest.console.dll, MulticastDelegateUtilities.SafeInvoke: TestRun.LogMessages: Invoking callback 1/1 for Microsoft.VisualStudio.TestPlatform.CommandLine.TestRunResultAggregator., took 0 ms.
TpTrace Information: 0 : 20236, 7, 2023/12/29, 19:11:09.950, 247048827220, vstest.console.dll, TestRunRequest:SendTestRunMessage: Completed.
TpTrace Verbose: 0 : 20236, 4, 2023/12/29, 19:11:09.950, 247048827149, vstest.console.dll, MulticastDelegateUtilities.SafeInvoke: InternalTestLoggerEvents.SendTestRunMessage: Invoking callback 1/1 for Microsoft.VisualStudio.TestPlatform.CommandLine.Internal.ConsoleLogger., took 0 ms.
TpTrace Verbose: 0 : 20236, 7, 2023/12/29, 19:11:09.950, 247048827525, vstest.console.dll, MulticastDelegateUtilities.SafeInvoke: LengthPrefixCommunicationChannel: MessageReceived: Invoking callback 1/1 for Microsoft.VisualStudio.TestPlatform.CommunicationUtilities.TestRequestSender+<>c__DisplayClass34_0., took 0 ms.
TpTrace Verbose: 0 : 20236, 7, 2023/12/29, 19:11:09.950, 247048828642, vstest.console.dll, TcpClientExtensions.MessageLoopAsync: Polling on remoteEndPoint: 127.0.0.1:54938 localEndPoint: 127.0.0.1:54937
TpTrace Verbose: 0 : 20236, 7, 2023/12/29, 19:11:10.639, 247055717403, vstest.console.dll, TcpClientExtensions.MessageLoopAsync: NotifyDataAvailable remoteEndPoint: 127.0.0.1:54938 localEndPoint: 127.0.0.1:54937
TpTrace Verbose: 0 : 20236, 7, 2023/12/29, 19:11:10.639, 247055718688, vstest.console.dll, TestRequestSender.OnExecutionMessageReceived: Received message: {"Version":7,"MessageType":"TestSession.Message","Payload":{"MessageLevel":0,"Message":"[xUnit.net 00:00:00.69]   Discovering: GoodsStore.Tests"}}
TpTrace Verbose: 0 : 20236, 7, 2023/12/29, 19:11:10.639, 247055719756, vstest.console.dll, TestRunRequest:SendTestRunMessage: Starting.
TpTrace Verbose: 0 : 20236, 7, 2023/12/29, 19:11:10.639, 247055720219, vstest.console.dll, MulticastDelegateUtilities.SafeInvoke: TestRun.LogMessages: Invoking callback 1/1 for Microsoft.VisualStudio.TestPlatform.CommandLine.TestRunResultAggregator., took 0 ms.
TpTrace Information: 0 : 20236, 7, 2023/12/29, 19:11:10.639, 247055720456, vstest.console.dll, TestRunRequest:SendTestRunMessage: Completed.
TpTrace Verbose: 0 : 20236, 4, 2023/12/29, 19:11:10.639, 247055720432, vstest.console.dll, MulticastDelegateUtilities.SafeInvoke: InternalTestLoggerEvents.SendTestRunMessage: Invoking callback 1/1 for Microsoft.VisualStudio.TestPlatform.CommandLine.Internal.ConsoleLogger., took 0 ms.
TpTrace Verbose: 0 : 20236, 7, 2023/12/29, 19:11:10.639, 247055720697, vstest.console.dll, MulticastDelegateUtilities.SafeInvoke: LengthPrefixCommunicationChannel: MessageReceived: Invoking callback 1/1 for Microsoft.VisualStudio.TestPlatform.CommunicationUtilities.TestRequestSender+<>c__DisplayClass34_0., took 0 ms.
TpTrace Verbose: 0 : 20236, 7, 2023/12/29, 19:11:10.639, 247055721401, vstest.console.dll, TcpClientExtensions.MessageLoopAsync: Polling on remoteEndPoint: 127.0.0.1:54938 localEndPoint: 127.0.0.1:54937
TpTrace Verbose: 0 : 20236, 7, 2023/12/29, 19:11:10.668, 247056011457, vstest.console.dll, TcpClientExtensions.MessageLoopAsync: NotifyDataAvailable remoteEndPoint: 127.0.0.1:54938 localEndPoint: 127.0.0.1:54937
TpTrace Verbose: 0 : 20236, 7, 2023/12/29, 19:11:10.668, 247056012524, vstest.console.dll, TestRequestSender.OnExecutionMessageReceived: Received message: {"Version":7,"MessageType":"TestSession.Message","Payload":{"MessageLevel":0,"Message":"[xUnit.net 00:00:00.72]   Discovered:  GoodsStore.Tests"}}
TpTrace Verbose: 0 : 20236, 7, 2023/12/29, 19:11:10.668, 247056013409, vstest.console.dll, TestRunRequest:SendTestRunMessage: Starting.
TpTrace Verbose: 0 : 20236, 7, 2023/12/29, 19:11:10.668, 247056013842, vstest.console.dll, MulticastDelegateUtilities.SafeInvoke: TestRun.LogMessages: Invoking callback 1/1 for Microsoft.VisualStudio.TestPlatform.CommandLine.TestRunResultAggregator., took 0 ms.
TpTrace Information: 0 : 20236, 7, 2023/12/29, 19:11:10.669, 247056014074, vstest.console.dll, TestRunRequest:SendTestRunMessage: Completed.
TpTrace Verbose: 0 : 20236, 7, 2023/12/29, 19:11:10.669, 247056014289, vstest.console.dll, MulticastDelegateUtilities.SafeInvoke: LengthPrefixCommunicationChannel: MessageReceived: Invoking callback 1/1 for Microsoft.VisualStudio.TestPlatform.CommunicationUtilities.TestRequestSender+<>c__DisplayClass34_0., took 0 ms.
TpTrace Verbose: 0 : 20236, 4, 2023/12/29, 19:11:10.669, 247056014315, vstest.console.dll, MulticastDelegateUtilities.SafeInvoke: InternalTestLoggerEvents.SendTestRunMessage: Invoking callback 1/1 for Microsoft.VisualStudio.TestPlatform.CommandLine.Internal.ConsoleLogger., took 0 ms.
TpTrace Verbose: 0 : 20236, 7, 2023/12/29, 19:11:10.669, 247056014544, vstest.console.dll, TcpClientExtensions.MessageLoopAsync: Polling on remoteEndPoint: 127.0.0.1:54938 localEndPoint: 127.0.0.1:54937
TpTrace Verbose: 0 : 20236, 7, 2023/12/29, 19:11:10.670, 247056029455, vstest.console.dll, TcpClientExtensions.MessageLoopAsync: NotifyDataAvailable remoteEndPoint: 127.0.0.1:54938 localEndPoint: 127.0.0.1:54937
TpTrace Verbose: 0 : 20236, 7, 2023/12/29, 19:11:10.670, 247056030036, vstest.console.dll, TestRequestSender.OnExecutionMessageReceived: Received message: {"Version":7,"MessageType":"TestSession.Message","Payload":{"MessageLevel":0,"Message":"[xUnit.net 00:00:00.72]   Starting:    GoodsStore.Tests"}}
TpTrace Verbose: 0 : 20236, 7, 2023/12/29, 19:11:10.670, 247056030657, vstest.console.dll, TestRunRequest:SendTestRunMessage: Starting.
TpTrace Verbose: 0 : 20236, 7, 2023/12/29, 19:11:10.670, 247056031074, vstest.console.dll, MulticastDelegateUtilities.SafeInvoke: TestRun.LogMessages: Invoking callback 1/1 for Microsoft.VisualStudio.TestPlatform.CommandLine.TestRunResultAggregator., took 0 ms.
TpTrace Information: 0 : 20236, 7, 2023/12/29, 19:11:10.670, 247056031309, vstest.console.dll, TestRunRequest:SendTestRunMessage: Completed.
TpTrace Verbose: 0 : 20236, 4, 2023/12/29, 19:11:10.670, 247056031461, vstest.console.dll, MulticastDelegateUtilities.SafeInvoke: InternalTestLoggerEvents.SendTestRunMessage: Invoking callback 1/1 for Microsoft.VisualStudio.TestPlatform.CommandLine.Internal.ConsoleLogger., took 0 ms.
TpTrace Verbose: 0 : 20236, 7, 2023/12/29, 19:11:10.670, 247056031517, vstest.console.dll, MulticastDelegateUtilities.SafeInvoke: LengthPrefixCommunicationChannel: MessageReceived: Invoking callback 1/1 for Microsoft.VisualStudio.TestPlatform.CommunicationUtilities.TestRequestSender+<>c__DisplayClass34_0., took 0 ms.
TpTrace Verbose: 0 : 20236, 7, 2023/12/29, 19:11:10.670, 247056032492, vstest.console.dll, TcpClientExtensions.MessageLoopAsync: Polling on remoteEndPoint: 127.0.0.1:54938 localEndPoint: 127.0.0.1:54937
TpTrace Verbose: 0 : 20236, 7, 2023/12/29, 19:11:10.835, 247057675588, vstest.console.dll, TcpClientExtensions.MessageLoopAsync: NotifyDataAvailable remoteEndPoint: 127.0.0.1:54938 localEndPoint: 127.0.0.1:54937
TpTrace Verbose: 0 : 20236, 7, 2023/12/29, 19:11:10.835, 247057677880, vstest.console.dll, TestRequestSender.OnExecutionMessageReceived: Received message: {"Version":7,"MessageType":"TestExecution.StatsChange","Payload":{"NewTestResults":[{"TestCase":{"Id":"c465ceda-a76d-dac1-ca0d-d0cdf3abb212","FullyQualifiedName":"GoodsStore.Tests.Controllers.OrderItemsControllerTests.Cancel_WithNullOrderItem_ReturnsNotFound","DisplayName":"GoodsStore.Tests.Controllers.OrderItemsControllerTests.Cancel_WithNullOrderItem_ReturnsNotFound","ExecutorUri":"executor://xunit/VsTestRunner2/netcoreapp","Source":"E:\\KPI\\C#\\4\\GoodsStore.Tests\\bin\\Debug\\net6.0\\fine-code-coverage\\build-output\\GoodsStore.Tests.dll","CodeFilePath":null,"LineNumber":0,"Properties":[]},"Attachments":[],"Outcome":1,"ErrorMessage":null,"ErrorStackTrace":null,"DisplayName":"GoodsStore.Tests.Controllers.OrderItemsControllerTests.Cancel_WithNullOrderItem_ReturnsNotFound","Messages":[],"ComputerName":"DESKTOP-8HIQA7E","Duration":"00:00:00.0708925","StartTime":"2023-12-29T17:11:10.7873379+00:00","EndTime":"2023-12-29T17:11:10.7873641+00:00","Properties":[]},{"TestCase":{"Id":"20649ead-332b-a022-0c2c-6a4c1502373a","FullyQualifiedName":"GoodsStore.Tests.Controllers.ProductsControllerTests.Detail_ReturnsViewResult_WithProduct","DisplayName":"GoodsStore.Tests.Controllers.ProductsControllerTests.Detail_ReturnsViewResult_WithProduct","ExecutorUri":"executor://xunit/VsTestRunner2/netcoreapp","Source":"E:\\KPI\\C#\\4\\GoodsStore.Tests\\bin\\Debug\\net6.0\\fine-code-coverage\\build-output\\GoodsStore.Tests.dll","CodeFilePath":null,"LineNumber":0,"Properties":[]},"Attachments":[],"Outcome":1,"ErrorMessage":null,"ErrorStackTrace":null,"DisplayName":"GoodsStore.Tests.Controllers.ProductsControllerTests.Detail_ReturnsViewResult_WithProduct","Messages":[],"ComputerName":"DESKTOP-8HIQA7E","Duration":"00:00:00.0722426","StartTime":"2023-12-29T17:11:10.8027878+00:00","EndTime":"2023-12-29T17:11:10.8027878+00:00","Properties":[]},{"TestCase":{"Id":"d7838021-e176-0f98-76ac-09b5afac9cea","FullyQualifiedName":"GoodsStore.Tests.Controllers.ProductsControllerTests.Delete_ExistingId_ReturnsViewResultWithProduct","DisplayName":"GoodsStore.Tests.Controllers.ProductsControllerTests.Delete_ExistingId_ReturnsViewResultWithProduct","ExecutorUri":"executor://xunit/VsTestRunner2/netcoreapp","Source":"E:\\KPI\\C#\\4\\GoodsStore.Tests\\bin\\Debug\\net6.0\\fine-code-coverage\\build-output\\GoodsStore.Tests.dll","CodeFilePath":null,"LineNumber":0,"Properties":[]},"Attachments":[],"Outcome":1,"ErrorMessage":null,"ErrorStackTrace":null,"DisplayName":"GoodsStore.Tests.Controllers.ProductsControllerTests.Delete_ExistingId_ReturnsViewResultWithProduct","Messages":[],"ComputerName":"DESKTOP-8HIQA7E","Duration":"00:00:00.0006212","StartTime":"2023-12-29T17:11:10.8064705+00:00","EndTime":"2023-12-29T17:11:10.8064705+00:00","Properties":[]},{"TestCase":{"Id":"d510a43e-336a-4564-83b9-a3c1db897709","FullyQualifiedName":"GoodsStore.Tests.Controllers.ProductsControllerTests.DeleteProduct_NonExistingId_ReturnsErrorView","DisplayName":"GoodsStore.Tests.Controllers.ProductsControllerTests.DeleteProduct_NonExistingId_ReturnsErrorView","ExecutorUri":"executor://xunit/VsTestRunner2/netcoreapp","Source":"E:\\KPI\\C#\\4\\GoodsStore.Tests\\bin\\Debug\\net6.0\\fine-code-coverage\\build-output\\GoodsStore.Tests.dll","CodeFilePath":null,"LineNumber":0,"Properties":[]},"Attachments":[],"Outcome":1,"ErrorMessage":null,"ErrorStackTrace":null,"DisplayName":"GoodsStore.Tests.Controllers.ProductsControllerTests.DeleteProduct_NonExistingId_ReturnsErrorView","Messages":[],"ComputerName":"DESKTOP-8HIQA7E","Duration":"00:00:00.0039631","StartTime":"2023-12-29T17:11:10.8086249+00:00","EndTime":"2023-12-29T17:11:10.8086249+00:00","Properties":[]},{"TestCase":{"Id":"2963d4d7-0447-28d9-e306-d125299feb2b","FullyQualifiedName":"GoodsStore.Tests.Controllers.ProductsControllerTests.Delete_NonExistingId_ReturnsErrorView","DisplayName":"GoodsStore.Tests.Controllers.ProductsControllerTests.Delete_NonExistingId_ReturnsErrorView","ExecutorUri":"executor://xunit/VsTestRunner2/netcoreapp","Source":"E:\\KPI\\C#\\4\\GoodsStore.Tests\\bin\\Debug\\net6.0\\fine-code-coverage\\build-output\\GoodsStore.Tests.dll","CodeFilePath":null,"LineNumber":0,"Properties":[]},"Attachments":[],"Outcome":1,"ErrorMessage":null,"ErrorStackTrace":null,"DisplayName":"GoodsStore.Tests.Controllers.ProductsControllerTests.Delete_NonExistingId_ReturnsErrorView","Messages":[],"ComputerName":"DESKTOP-8HIQA7E","Duration":"00:00:00.0007194","StartTime":"2023-12-29T17:11:10.8103174+00:00","EndTime":"2023-12-29T17:11:10.8103175+00:00","Properties":[]},{"TestCase":{"Id":"20c7a5e8-7747-5925-28e7-1bd76df5d084","FullyQualifiedName":"GoodsStore.Tests.Controllers.ProductsControllerTests.DeleteProduct_ExistingId_ReturnsRedirectToActionResult","DisplayName":"GoodsStore.Tests.Controllers.ProductsControllerTests.DeleteProduct_ExistingId_ReturnsRedirectToActionResult","ExecutorUri":"executor://xunit/VsTestRunner2/netcoreapp","Source":"E:\\KPI\\C#\\4\\GoodsStore.Tests\\bin\\Debug\\net6.0\\fine-code-coverage\\build-output\\GoodsStore.Tests.dll","CodeFilePath":null,"LineNumber":0,"Properties":[]},"Attachments":[],"Outcome":1,"ErrorMessage":null,"ErrorStackTrace":null,"DisplayName":"GoodsStore.Tests.Controllers.ProductsControllerTests.DeleteProduct_ExistingId_ReturnsRedirectToActionResult","Messages":[],"ComputerName":"DESKTOP-8HIQA7E","Duration":"00:00:00.0041871","StartTime":"2023-12-29T17:11:10.8119329+00:00","EndTime":"2023-12-29T17:11:10.8119329+00:00","Properties":[]},{"TestCase":{"Id":"b8678894-1862-2fe8-1fad-47340d2d8de6","FullyQualifiedName":"GoodsStore.Tests.Controllers.ProductsControllerTests.Add_POST_ValidProduct_ReturnsRedirectToActionResult","DisplayName":"GoodsStore.Tests.Controllers.ProductsControllerTests.Add_POST_ValidProduct_ReturnsRedirectToActionResult","ExecutorUri":"executor://xunit/VsTestRunner2/netcoreapp","Source":"E:\\KPI\\C#\\4\\GoodsStore.Tests\\bin\\Debug\\net6.0\\fine-code-coverage\\build-output\\GoodsStore.Tests.dll","CodeFilePath":null,"LineNumber":0,"Properties":[]},"Attachments":[],"Outcome":1,"ErrorMessage":null,"ErrorStackTrace":null,"DisplayName":"GoodsStore.Tests.Controllers.ProductsControllerTests.Add_POST_ValidProduct_ReturnsRedirectToActionResult","Messages":[],"ComputerName":"DESKTOP-8HIQA7E","Duration":"00:00:00.0009106","StartTime":"2023-12-29T17:11:10.8136249+00:00","EndTime":"2023-12-29T17:11:10.8136249+00:00","Properties":[]}],"TestRunStatistics":{"ExecutedTests":7,"Stats":{"Passed":7}},"ActiveTests":[{"Id":"75aabbde-448f-4039-ec5d-e1fe7f6f23e7","FullyQualifiedName":"GoodsStore.Tests.Controllers.DeliveryQueueControllerTests.Index_ReturnsViewWithDeliveryQueues","DisplayName":"GoodsStore.Tests.Controllers.DeliveryQueueControllerTests.Index_ReturnsViewWithDeliveryQueues","ExecutorUri":"executor://xunit/VsTestRunner2/netcoreapp","Source":"E:\\KPI\\C#\\4\\GoodsStore.Tests\\bin\\Debug\\net6.0\\fine-code-coverage\\build-output\\GoodsStore.Tests.dll","CodeFilePath":null,"LineNumber":0,"Properties":[]},{"Id":"f68c7a45-1710-34d2-f456-714bcad42512","FullyQualifiedName":"GoodsStore.Tests.Controllers.OrderItemsControllerTests.Buy_WithSufficientQuantity_RedirectsToProductsIndex","DisplayName":"GoodsStore.Tests.Controllers.OrderItemsControllerTests.Buy_WithSufficientQuantity_RedirectsToProductsIndex","ExecutorUri":"executor://xunit/VsTestRunner2/netcoreapp","Source":"E:\\KPI\\C#\\4\\GoodsStore.Tests\\bin\\Debug\\net6.0\\fine-code-coverage\\build-output\\GoodsStore.Tests.dll","CodeFilePath":null,"LineNumber":0,"Properties":[]},{"Id":"df4a3e4d-865b-881e-16d7-a3edda86f9e6","FullyQualifiedName":"GoodsStore.Tests.Controllers.ProductsControllerTests.Index_ReturnsViewResult_WithListOfProducts","DisplayName":"GoodsStore.Tests.Controllers.ProductsControllerTests.Index_ReturnsViewResult_WithListOfProducts","ExecutorUri":"executor://xunit/VsTestRunner2/netcoreapp","Source":"E:\\KPI\\C#\\4\\GoodsStore.Tests\\bin\\Debug\\net6.0\\fine-code-coverage\\build-output\\GoodsStore.Tests.dll","CodeFilePath":null,"LineNumber":0,"Properties":[]}]}}
TpTrace Verbose: 0 : 20236, 7, 2023/12/29, 19:11:10.851, 247057834625, vstest.console.dll, TestRunRequest:SendTestRunStatsChange: Starting.
TpTrace Verbose: 0 : 20236, 7, 2023/12/29, 19:11:10.851, 247057836151, vstest.console.dll, InProgress is GoodsStore.Tests.Controllers.DeliveryQueueControllerTests.Index_ReturnsViewWithDeliveryQueues
TpTrace Verbose: 0 : 20236, 7, 2023/12/29, 19:11:10.851, 247057836481, vstest.console.dll, InProgress is GoodsStore.Tests.Controllers.OrderItemsControllerTests.Buy_WithSufficientQuantity_RedirectsToProductsIndex
TpTrace Verbose: 0 : 20236, 7, 2023/12/29, 19:11:10.851, 247057836717, vstest.console.dll, InProgress is GoodsStore.Tests.Controllers.ProductsControllerTests.Index_ReturnsViewResult_WithListOfProducts
TpTrace Verbose: 0 : 20236, 7, 2023/12/29, 19:11:10.851, 247057838810, vstest.console.dll, MulticastDelegateUtilities.SafeInvoke: TestRun.RunStatsChanged: Invoking callbacks was skipped because there are no subscribers.
TpTrace Information: 0 : 20236, 7, 2023/12/29, 19:11:10.851, 247057839111, vstest.console.dll, TestRunRequest:SendTestRunStatsChange: Completed.
TpTrace Verbose: 0 : 20236, 7, 2023/12/29, 19:11:10.851, 247057839366, vstest.console.dll, MulticastDelegateUtilities.SafeInvoke: LengthPrefixCommunicationChannel: MessageReceived: Invoking callback 1/1 for Microsoft.VisualStudio.TestPlatform.CommunicationUtilities.TestRequestSender+<>c__DisplayClass34_0., took 16 ms.
TpTrace Verbose: 0 : 20236, 7, 2023/12/29, 19:11:10.851, 247057839626, vstest.console.dll, TcpClientExtensions.MessageLoopAsync: Polling on remoteEndPoint: 127.0.0.1:54938 localEndPoint: 127.0.0.1:54937
TpTrace Verbose: 0 : 20236, 4, 2023/12/29, 19:11:10.854, 247057864203, vstest.console.dll, MulticastDelegateUtilities.SafeInvoke: InternalTestLoggerEvents.SendTestResult: Invoking callback 1/1 for Microsoft.VisualStudio.TestPlatform.CommandLine.Internal.ConsoleLogger., took 2 ms.
TpTrace Verbose: 0 : 20236, 4, 2023/12/29, 19:11:10.854, 247057866323, vstest.console.dll, MulticastDelegateUtilities.SafeInvoke: InternalTestLoggerEvents.SendTestResult: Invoking callback 1/1 for Microsoft.VisualStudio.TestPlatform.CommandLine.Internal.ConsoleLogger., took 0 ms.
TpTrace Verbose: 0 : 20236, 7, 2023/12/29, 19:11:10.854, 247057866391, vstest.console.dll, TcpClientExtensions.MessageLoopAsync: NotifyDataAvailable remoteEndPoint: 127.0.0.1:54938 localEndPoint: 127.0.0.1:54937
TpTrace Verbose: 0 : 20236, 4, 2023/12/29, 19:11:10.854, 247057867422, vstest.console.dll, MulticastDelegateUtilities.SafeInvoke: InternalTestLoggerEvents.SendTestResult: Invoking callback 1/1 for Microsoft.VisualStudio.TestPlatform.CommandLine.Internal.ConsoleLogger., took 0 ms.
TpTrace Verbose: 0 : 20236, 7, 2023/12/29, 19:11:10.854, 247057868053, vstest.console.dll, TestRequestSender.OnExecutionMessageReceived: Received message: {"Version":7,"MessageType":"TestSession.Message","Payload":{"MessageLevel":2,"Message":"[xUnit.net 00:00:00.90]     GoodsStore.Tests.Controllers.DeliveryQueueControllerTests.Index_ReturnsViewWithDeliveryQueues [FAIL]"}}
TpTrace Verbose: 0 : 20236, 4, 2023/12/29, 19:11:10.854, 247057868260, vstest.console.dll, MulticastDelegateUtilities.SafeInvoke: InternalTestLoggerEvents.SendTestResult: Invoking callback 1/1 for Microsoft.VisualStudio.TestPlatform.CommandLine.Internal.ConsoleLogger., took 0 ms.
TpTrace Verbose: 0 : 20236, 7, 2023/12/29, 19:11:10.854, 247057869145, vstest.console.dll, TestRunRequest:SendTestRunMessage: Starting.
TpTrace Verbose: 0 : 20236, 4, 2023/12/29, 19:11:10.854, 247057869136, vstest.console.dll, MulticastDelegateUtilities.SafeInvoke: InternalTestLoggerEvents.SendTestResult: Invoking callback 1/1 for Microsoft.VisualStudio.TestPlatform.CommandLine.Internal.ConsoleLogger., took 0 ms.
TpTrace Verbose: 0 : 20236, 7, 2023/12/29, 19:11:10.854, 247057869610, vstest.console.dll, MulticastDelegateUtilities.SafeInvoke: TestRun.LogMessages: Invoking callback 1/1 for Microsoft.VisualStudio.TestPlatform.CommandLine.TestRunResultAggregator., took 0 ms.
TpTrace Verbose: 0 : 20236, 4, 2023/12/29, 19:11:10.854, 247057869898, vstest.console.dll, MulticastDelegateUtilities.SafeInvoke: InternalTestLoggerEvents.SendTestResult: Invoking callback 1/1 for Microsoft.VisualStudio.TestPlatform.CommandLine.Internal.ConsoleLogger., took 0 ms.
TpTrace Information: 0 : 20236, 7, 2023/12/29, 19:11:10.854, 247057870195, vstest.console.dll, TestRunRequest:SendTestRunMessage: Completed.
TpTrace Verbose: 0 : 20236, 4, 2023/12/29, 19:11:10.854, 247057870590, vstest.console.dll, MulticastDelegateUtilities.SafeInvoke: InternalTestLoggerEvents.SendTestResult: Invoking callback 1/1 for Microsoft.VisualStudio.TestPlatform.CommandLine.Internal.ConsoleLogger., took 0 ms.
TpTrace Verbose: 0 : 20236, 7, 2023/12/29, 19:11:10.854, 247057870831, vstest.console.dll, MulticastDelegateUtilities.SafeInvoke: LengthPrefixCommunicationChannel: MessageReceived: Invoking callback 1/1 for Microsoft.VisualStudio.TestPlatform.CommunicationUtilities.TestRequestSender+<>c__DisplayClass34_0., took 0 ms.
TpTrace Verbose: 0 : 20236, 7, 2023/12/29, 19:11:10.854, 247057871477, vstest.console.dll, TcpClientExtensions.MessageLoopAsync: Polling on remoteEndPoint: 127.0.0.1:54938 localEndPoint: 127.0.0.1:54937
TpTrace Verbose: 0 : 20236, 4, 2023/12/29, 19:11:10.854, 247057872465, vstest.console.dll, MulticastDelegateUtilities.SafeInvoke: InternalTestLoggerEvents.SendTestRunMessage: Invoking callback 1/1 for Microsoft.VisualStudio.TestPlatform.CommandLine.Internal.ConsoleLogger., took 0 ms.
TpTrace Verbose: 0 : 20236, 7, 2023/12/29, 19:11:10.855, 247057876201, vstest.console.dll, TcpClientExtensions.MessageLoopAsync: NotifyDataAvailable remoteEndPoint: 127.0.0.1:54938 localEndPoint: 127.0.0.1:54937
TpTrace Verbose: 0 : 20236, 7, 2023/12/29, 19:11:10.855, 247057876968, vstest.console.dll, TestRequestSender.OnExecutionMessageReceived: Received message: {"Version":7,"MessageType":"TestSession.Message","Payload":{"MessageLevel":0,"Message":"[xUnit.net 00:00:00.90]       Assert.Equal() Failure"}}
TpTrace Verbose: 0 : 20236, 7, 2023/12/29, 19:11:10.855, 247057878537, vstest.console.dll, TestRunRequest:SendTestRunMessage: Starting.
TpTrace Verbose: 0 : 20236, 7, 2023/12/29, 19:11:10.855, 247057879015, vstest.console.dll, MulticastDelegateUtilities.SafeInvoke: TestRun.LogMessages: Invoking callback 1/1 for Microsoft.VisualStudio.TestPlatform.CommandLine.TestRunResultAggregator., took 0 ms.
TpTrace Information: 0 : 20236, 7, 2023/12/29, 19:11:10.855, 247057879256, vstest.console.dll, TestRunRequest:SendTestRunMessage: Completed.
TpTrace Verbose: 0 : 20236, 4, 2023/12/29, 19:11:10.855, 247057879435, vstest.console.dll, MulticastDelegateUtilities.SafeInvoke: InternalTestLoggerEvents.SendTestRunMessage: Invoking callback 1/1 for Microsoft.VisualStudio.TestPlatform.CommandLine.Internal.ConsoleLogger., took 0 ms.
TpTrace Verbose: 0 : 20236, 7, 2023/12/29, 19:11:10.855, 247057879489, vstest.console.dll, MulticastDelegateUtilities.SafeInvoke: LengthPrefixCommunicationChannel: MessageReceived: Invoking callback 1/1 for Microsoft.VisualStudio.TestPlatform.CommunicationUtilities.TestRequestSender+<>c__DisplayClass34_0., took 0 ms.
TpTrace Verbose: 0 : 20236, 7, 2023/12/29, 19:11:10.855, 247057880499, vstest.console.dll, TcpClientExtensions.MessageLoopAsync: Polling on remoteEndPoint: 127.0.0.1:54938 localEndPoint: 127.0.0.1:54937
TpTrace Verbose: 0 : 20236, 7, 2023/12/29, 19:11:10.855, 247057880820, vstest.console.dll, TcpClientExtensions.MessageLoopAsync: NotifyDataAvailable remoteEndPoint: 127.0.0.1:54938 localEndPoint: 127.0.0.1:54937
TpTrace Verbose: 0 : 20236, 7, 2023/12/29, 19:11:10.855, 247057881211, vstest.console.dll, TestRequestSender.OnExecutionMessageReceived: Received message: {"Version":7,"MessageType":"TestSession.Message","Payload":{"MessageLevel":0,"Message":"[xUnit.net 00:00:00.90]       Expected: Index"}}
TpTrace Verbose: 0 : 20236, 7, 2023/12/29, 19:11:10.855, 247057881721, vstest.console.dll, TestRunRequest:SendTestRunMessage: Starting.
TpTrace Verbose: 0 : 20236, 7, 2023/12/29, 19:11:10.855, 247057882070, vstest.console.dll, MulticastDelegateUtilities.SafeInvoke: TestRun.LogMessages: Invoking callback 1/1 for Microsoft.VisualStudio.TestPlatform.CommandLine.TestRunResultAggregator., took 0 ms.
TpTrace Information: 0 : 20236, 7, 2023/12/29, 19:11:10.855, 247057882292, vstest.console.dll, TestRunRequest:SendTestRunMessage: Completed.
TpTrace Verbose: 0 : 20236, 4, 2023/12/29, 19:11:10.855, 247057882483, vstest.console.dll, MulticastDelegateUtilities.SafeInvoke: InternalTestLoggerEvents.SendTestRunMessage: Invoking callback 1/1 for Microsoft.VisualStudio.TestPlatform.CommandLine.Internal.ConsoleLogger., took 0 ms.
TpTrace Verbose: 0 : 20236, 7, 2023/12/29, 19:11:10.855, 247057882516, vstest.console.dll, MulticastDelegateUtilities.SafeInvoke: LengthPrefixCommunicationChannel: MessageReceived: Invoking callback 1/1 for Microsoft.VisualStudio.TestPlatform.CommunicationUtilities.TestRequestSender+<>c__DisplayClass34_0., took 0 ms.
TpTrace Verbose: 0 : 20236, 7, 2023/12/29, 19:11:10.855, 247057883526, vstest.console.dll, TcpClientExtensions.MessageLoopAsync: Polling on remoteEndPoint: 127.0.0.1:54938 localEndPoint: 127.0.0.1:54937
TpTrace Verbose: 0 : 20236, 7, 2023/12/29, 19:11:10.855, 247057883823, vstest.console.dll, TcpClientExtensions.MessageLoopAsync: NotifyDataAvailable remoteEndPoint: 127.0.0.1:54938 localEndPoint: 127.0.0.1:54937
TpTrace Verbose: 0 : 20236, 7, 2023/12/29, 19:11:10.856, 247057884205, vstest.console.dll, TestRequestSender.OnExecutionMessageReceived: Received message: {"Version":7,"MessageType":"TestSession.Message","Payload":{"MessageLevel":0,"Message":"[xUnit.net 00:00:00.91]       Actual:   (null)"}}
TpTrace Verbose: 0 : 20236, 7, 2023/12/29, 19:11:10.856, 247057884694, vstest.console.dll, TestRunRequest:SendTestRunMessage: Starting.
TpTrace Verbose: 0 : 20236, 7, 2023/12/29, 19:11:10.856, 247057885052, vstest.console.dll, MulticastDelegateUtilities.SafeInvoke: TestRun.LogMessages: Invoking callback 1/1 for Microsoft.VisualStudio.TestPlatform.CommandLine.TestRunResultAggregator., took 0 ms.
TpTrace Information: 0 : 20236, 7, 2023/12/29, 19:11:10.856, 247057885276, vstest.console.dll, TestRunRequest:SendTestRunMessage: Completed.
TpTrace Verbose: 0 : 20236, 7, 2023/12/29, 19:11:10.856, 247057885493, vstest.console.dll, MulticastDelegateUtilities.SafeInvoke: LengthPrefixCommunicationChannel: MessageReceived: Invoking callback 1/1 for Microsoft.VisualStudio.TestPlatform.CommunicationUtilities.TestRequestSender+<>c__DisplayClass34_0., took 0 ms.
TpTrace Verbose: 0 : 20236, 4, 2023/12/29, 19:11:10.856, 247057885600, vstest.console.dll, MulticastDelegateUtilities.SafeInvoke: InternalTestLoggerEvents.SendTestRunMessage: Invoking callback 1/1 for Microsoft.VisualStudio.TestPlatform.CommandLine.Internal.ConsoleLogger., took 0 ms.
TpTrace Verbose: 0 : 20236, 7, 2023/12/29, 19:11:10.856, 247057885895, vstest.console.dll, TcpClientExtensions.MessageLoopAsync: Polling on remoteEndPoint: 127.0.0.1:54938 localEndPoint: 127.0.0.1:54937
TpTrace Verbose: 0 : 20236, 7, 2023/12/29, 19:11:10.856, 247057888203, vstest.console.dll, TcpClientExtensions.MessageLoopAsync: NotifyDataAvailable remoteEndPoint: 127.0.0.1:54938 localEndPoint: 127.0.0.1:54937
TpTrace Verbose: 0 : 20236, 7, 2023/12/29, 19:11:10.856, 247057888681, vstest.console.dll, TestRequestSender.OnExecutionMessageReceived: Received message: {"Version":7,"MessageType":"TestSession.Message","Payload":{"MessageLevel":0,"Message":"[xUnit.net 00:00:00.91]       Stack Trace:"}}
TpTrace Verbose: 0 : 20236, 7, 2023/12/29, 19:11:10.856, 247057889247, vstest.console.dll, TestRunRequest:SendTestRunMessage: Starting.
TpTrace Verbose: 0 : 20236, 7, 2023/12/29, 19:11:10.856, 247057889606, vstest.console.dll, MulticastDelegateUtilities.SafeInvoke: TestRun.LogMessages: Invoking callback 1/1 for Microsoft.VisualStudio.TestPlatform.CommandLine.TestRunResultAggregator., took 0 ms.
TpTrace Information: 0 : 20236, 7, 2023/12/29, 19:11:10.856, 247057889827, vstest.console.dll, TestRunRequest:SendTestRunMessage: Completed.
TpTrace Verbose: 0 : 20236, 4, 2023/12/29, 19:11:10.856, 247057890014, vstest.console.dll, MulticastDelegateUtilities.SafeInvoke: InternalTestLoggerEvents.SendTestRunMessage: Invoking callback 1/1 for Microsoft.VisualStudio.TestPlatform.CommandLine.Internal.ConsoleLogger., took 0 ms.
TpTrace Verbose: 0 : 20236, 7, 2023/12/29, 19:11:10.856, 247057890036, vstest.console.dll, MulticastDelegateUtilities.SafeInvoke: LengthPrefixCommunicationChannel: MessageReceived: Invoking callback 1/1 for Microsoft.VisualStudio.TestPlatform.CommunicationUtilities.TestRequestSender+<>c__DisplayClass34_0., took 0 ms.
TpTrace Verbose: 0 : 20236, 7, 2023/12/29, 19:11:10.856, 247057891018, vstest.console.dll, TcpClientExtensions.MessageLoopAsync: Polling on remoteEndPoint: 127.0.0.1:54938 localEndPoint: 127.0.0.1:54937
TpTrace Verbose: 0 : 20236, 7, 2023/12/29, 19:11:10.857, 247057903974, vstest.console.dll, TcpClientExtensions.MessageLoopAsync: NotifyDataAvailable remoteEndPoint: 127.0.0.1:54938 localEndPoint: 127.0.0.1:54937
TpTrace Verbose: 0 : 20236, 7, 2023/12/29, 19:11:10.858, 247057904584, vstest.console.dll, TestRequestSender.OnExecutionMessageReceived: Received message: {"Version":7,"MessageType":"TestSession.Message","Payload":{"MessageLevel":0,"Message":"[xUnit.net 00:00:00.91]         E:\\KPI\\C#\\4\\GoodsStore.Tests\\DeliveryQueueControllerTests.cs(49,0): at GoodsStore.Tests.Controllers.DeliveryQueueControllerTests.Index_ReturnsViewWithDeliveryQueues()"}}
TpTrace Verbose: 0 : 20236, 7, 2023/12/29, 19:11:10.858, 247057905113, vstest.console.dll, TestRunRequest:SendTestRunMessage: Starting.
TpTrace Verbose: 0 : 20236, 7, 2023/12/29, 19:11:10.858, 247057905479, vstest.console.dll, MulticastDelegateUtilities.SafeInvoke: TestRun.LogMessages: Invoking callback 1/1 for Microsoft.VisualStudio.TestPlatform.CommandLine.TestRunResultAggregator., took 0 ms.
TpTrace Information: 0 : 20236, 7, 2023/12/29, 19:11:10.858, 247057905705, vstest.console.dll, TestRunRequest:SendTestRunMessage: Completed.
TpTrace Verbose: 0 : 20236, 4, 2023/12/29, 19:11:10.858, 247057905882, vstest.console.dll, MulticastDelegateUtilities.SafeInvoke: InternalTestLoggerEvents.SendTestRunMessage: Invoking callback 1/1 for Microsoft.VisualStudio.TestPlatform.CommandLine.Internal.ConsoleLogger., took 0 ms.
TpTrace Verbose: 0 : 20236, 7, 2023/12/29, 19:11:10.858, 247057905918, vstest.console.dll, MulticastDelegateUtilities.SafeInvoke: LengthPrefixCommunicationChannel: MessageReceived: Invoking callback 1/1 for Microsoft.VisualStudio.TestPlatform.CommunicationUtilities.TestRequestSender+<>c__DisplayClass34_0., took 0 ms.
TpTrace Verbose: 0 : 20236, 7, 2023/12/29, 19:11:10.858, 247057907081, vstest.console.dll, TcpClientExtensions.MessageLoopAsync: Polling on remoteEndPoint: 127.0.0.1:54938 localEndPoint: 127.0.0.1:54937
TpTrace Verbose: 0 : 20236, 7, 2023/12/29, 19:11:10.861, 247057943135, vstest.console.dll, TcpClientExtensions.MessageLoopAsync: NotifyDataAvailable remoteEndPoint: 127.0.0.1:54938 localEndPoint: 127.0.0.1:54937
TpTrace Verbose: 0 : 20236, 7, 2023/12/29, 19:11:10.862, 247057944668, vstest.console.dll, TestRequestSender.OnExecutionMessageReceived: Received message: {"Version":7,"MessageType":"TestExecution.StatsChange","Payload":{"NewTestResults":[{"TestCase":{"Id":"df4a3e4d-865b-881e-16d7-a3edda86f9e6","FullyQualifiedName":"GoodsStore.Tests.Controllers.ProductsControllerTests.Index_ReturnsViewResult_WithListOfProducts","DisplayName":"GoodsStore.Tests.Controllers.ProductsControllerTests.Index_ReturnsViewResult_WithListOfProducts","ExecutorUri":"executor://xunit/VsTestRunner2/netcoreapp","Source":"E:\\KPI\\C#\\4\\GoodsStore.Tests\\bin\\Debug\\net6.0\\fine-code-coverage\\build-output\\GoodsStore.Tests.dll","CodeFilePath":null,"LineNumber":0,"Properties":[]},"Attachments":[],"Outcome":1,"ErrorMessage":null,"ErrorStackTrace":null,"DisplayName":"GoodsStore.Tests.Controllers.ProductsControllerTests.Index_ReturnsViewResult_WithListOfProducts","Messages":[],"ComputerName":"DESKTOP-8HIQA7E","Duration":"00:00:00.0009317","StartTime":"2023-12-29T17:11:10.839317+00:00","EndTime":"2023-12-29T17:11:10.8393173+00:00","Properties":[]},{"TestCase":{"Id":"6639ccfb-b9fd-8761-78c1-bf1d8c1fd88e","FullyQualifiedName":"GoodsStore.Tests.Controllers.ProductsControllerTests.Create_ValidModel_RedirectsToIndex","DisplayName":"GoodsStore.Tests.Controllers.ProductsControllerTests.Create_ValidModel_RedirectsToIndex","ExecutorUri":"executor://xunit/VsTestRunner2/netcoreapp","Source":"E:\\KPI\\C#\\4\\GoodsStore.Tests\\bin\\Debug\\net6.0\\fine-code-coverage\\build-output\\GoodsStore.Tests.dll","CodeFilePath":null,"LineNumber":0,"Properties":[]},"Attachments":[],"Outcome":1,"ErrorMessage":null,"ErrorStackTrace":null,"DisplayName":"GoodsStore.Tests.Controllers.ProductsControllerTests.Create_ValidModel_RedirectsToIndex","Messages":[],"ComputerName":"DESKTOP-8HIQA7E","Duration":"00:00:00.0007459","StartTime":"2023-12-29T17:11:10.8412151+00:00","EndTime":"2023-12-29T17:11:10.8412152+00:00","Properties":[]},{"TestCase":{"Id":"653fe404-04e4-e585-a8fa-499cab732af2","FullyQualifiedName":"GoodsStore.Tests.Controllers.ProductsControllerTests.Add_GET_NonExistingProductId_ReturnsNotFoundResult","DisplayName":"GoodsStore.Tests.Controllers.ProductsControllerTests.Add_GET_NonExistingProductId_ReturnsNotFoundResult","ExecutorUri":"executor://xunit/VsTestRunner2/netcoreapp","Source":"E:\\KPI\\C#\\4\\GoodsStore.Tests\\bin\\Debug\\net6.0\\fine-code-coverage\\build-output\\GoodsStore.Tests.dll","CodeFilePath":null,"LineNumber":0,"Properties":[]},"Attachments":[],"Outcome":1,"ErrorMessage":null,"ErrorStackTrace":null,"DisplayName":"GoodsStore.Tests.Controllers.ProductsControllerTests.Add_GET_NonExistingProductId_ReturnsNotFoundResult","Messages":[],"ComputerName":"DESKTOP-8HIQA7E","Duration":"00:00:00.0005783","StartTime":"2023-12-29T17:11:10.8430138+00:00","EndTime":"2023-12-29T17:11:10.8430139+00:00","Properties":[]},{"TestCase":{"Id":"bcbcbbf7-5cbc-253d-b103-2638c351c22b","FullyQualifiedName":"GoodsStore.Tests.Controllers.ProductsControllerTests.Create_ReturnsViewResult","DisplayName":"GoodsStore.Tests.Controllers.ProductsControllerTests.Create_ReturnsViewResult","ExecutorUri":"executor://xunit/VsTestRunner2/netcoreapp","Source":"E:\\KPI\\C#\\4\\GoodsStore.Tests\\bin\\Debug\\net6.0\\fine-code-coverage\\build-output\\GoodsStore.Tests.dll","CodeFilePath":null,"LineNumber":0,"Properties":[]},"Attachments":[],"Outcome":1,"ErrorMessage":null,"ErrorStackTrace":null,"DisplayName":"GoodsStore.Tests.Controllers.ProductsControllerTests.Create_ReturnsViewResult","Messages":[],"ComputerName":"DESKTOP-8HIQA7E","Duration":"00:00:00.0001894","StartTime":"2023-12-29T17:11:10.8446634+00:00","EndTime":"2023-12-29T17:11:10.8446634+00:00","Properties":[]},{"TestCase":{"Id":"f68c7a45-1710-34d2-f456-714bcad42512","FullyQualifiedName":"GoodsStore.Tests.Controllers.OrderItemsControllerTests.Buy_WithSufficientQuantity_RedirectsToProductsIndex","DisplayName":"GoodsStore.Tests.Controllers.OrderItemsControllerTests.Buy_WithSufficientQuantity_RedirectsToProductsIndex","ExecutorUri":"executor://xunit/VsTestRunner2/netcoreapp","Source":"E:\\KPI\\C#\\4\\GoodsStore.Tests\\bin\\Debug\\net6.0\\fine-code-coverage\\build-output\\GoodsStore.Tests.dll","CodeFilePath":null,"LineNumber":0,"Properties":[]},"Attachments":[],"Outcome":1,"ErrorMessage":null,"ErrorStackTrace":null,"DisplayName":"GoodsStore.Tests.Controllers.OrderItemsControllerTests.Buy_WithSufficientQuantity_RedirectsToProductsIndex","Messages":[],"ComputerName":"DESKTOP-8HIQA7E","Duration":"00:00:00.0137295","StartTime":"2023-12-29T17:11:10.8461955+00:00","EndTime":"2023-12-29T17:11:10.8461956+00:00","Properties":[]},{"TestCase":{"Id":"727e656c-547b-884a-fe42-fbd56b16e527","FullyQualifiedName":"GoodsStore.Tests.Controllers.ProductsControllerTests.Create_InvalidModelState_ReturnsViewResult","DisplayName":"GoodsStore.Tests.Controllers.ProductsControllerTests.Create_InvalidModelState_ReturnsViewResult","ExecutorUri":"executor://xunit/VsTestRunner2/netcoreapp","Source":"E:\\KPI\\C#\\4\\GoodsStore.Tests\\bin\\Debug\\net6.0\\fine-code-coverage\\build-output\\GoodsStore.Tests.dll","CodeFilePath":null,"LineNumber":0,"Properties":[]},"Attachments":[],"Outcome":1,"ErrorMessage":null,"ErrorStackTrace":null,"DisplayName":"GoodsStore.Tests.Controllers.ProductsControllerTests.Create_InvalidModelState_ReturnsViewResult","Messages":[],"ComputerName":"DESKTOP-8HIQA7E","Duration":"00:00:00.0004891","StartTime":"2023-12-29T17:11:10.8479184+00:00","EndTime":"2023-12-29T17:11:10.8479184+00:00","Properties":[]},{"TestCase":{"Id":"c02cb25a-39a0-9395-6941-be48232fbdbc","FullyQualifiedName":"GoodsStore.Tests.Controllers.ProductsControllerTests.Add_GET_ExistingProductId_ReturnsViewResultWithProduct","DisplayName":"GoodsStore.Tests.Controllers.ProductsControllerTests.Add_GET_ExistingProductId_ReturnsViewResultWithProduct","ExecutorUri":"executor://xunit/VsTestRunner2/netcoreapp","Source":"E:\\KPI\\C#\\4\\GoodsStore.Tests\\bin\\Debug\\net6.0\\fine-code-coverage\\build-output\\GoodsStore.Tests.dll","CodeFilePath":null,"LineNumber":0,"Properties":[]},"Attachments":[],"Outcome":1,"ErrorMessage":null,"ErrorStackTrace":null,"DisplayName":"GoodsStore.Tests.Controllers.ProductsControllerTests.Add_GET_ExistingProductId_ReturnsViewResultWithProduct","Messages":[],"ComputerName":"DESKTOP-8HIQA7E","Duration":"00:00:00.0005756","StartTime":"2023-12-29T17:11:10.8495421+00:00","EndTime":"2023-12-29T17:11:10.8495421+00:00","Properties":[]},{"TestCase":{"Id":"75aabbde-448f-4039-ec5d-e1fe7f6f23e7","FullyQualifiedName":"GoodsStore.Tests.Controllers.DeliveryQueueControllerTests.Index_ReturnsViewWithDeliveryQueues","DisplayName":"GoodsStore.Tests.Controllers.DeliveryQueueControllerTests.Index_ReturnsViewWithDeliveryQueues","ExecutorUri":"executor://xunit/VsTestRunner2/netcoreapp","Source":"E:\\KPI\\C#\\4\\GoodsStore.Tests\\bin\\Debug\\net6.0\\fine-code-coverage\\build-output\\GoodsStore.Tests.dll","CodeFilePath":null,"LineNumber":0,"Properties":[]},"Attachments":[],"Outcome":2,"ErrorMessage":"Assert.Equal() Failure\r\nExpected: Index\r\nActual:   (null)","ErrorStackTrace":"   at GoodsStore.Tests.Controllers.DeliveryQueueControllerTests.Index_ReturnsViewWithDeliveryQueues() in E:\\KPI\\C#\\4\\GoodsStore.Tests\\DeliveryQueueControllerTests.cs:line 49","DisplayName":"GoodsStore.Tests.Controllers.DeliveryQueueControllerTests.Index_ReturnsViewWithDeliveryQueues","Messages":[],"ComputerName":"DESKTOP-8HIQA7E","Duration":"00:00:00.0752650","StartTime":"2023-12-29T17:11:10.8585782+00:00","EndTime":"2023-12-29T17:11:10.8585783+00:00","Properties":[]},{"TestCase":{"Id":"3409c75b-ca02-4b06-5eb3-62341938054a","FullyQualifiedName":"GoodsStore.Tests.Controllers.OrderItemsControllerTests.Buy_POST_WithSufficientQuantity_RedirectsToProductsIndex","DisplayName":"GoodsStore.Tests.Controllers.OrderItemsControllerTests.Buy_POST_WithSufficientQuantity_RedirectsToProductsIndex","ExecutorUri":"executor://xunit/VsTestRunner2/netcoreapp","Source":"E:\\KPI\\C#\\4\\GoodsStore.Tests\\bin\\Debug\\net6.0\\fine-code-coverage\\build-output\\GoodsStore.Tests.dll","CodeFilePath":null,"LineNumber":0,"Properties":[]},"Attachments":[],"Outcome":1,"ErrorMessage":null,"ErrorStackTrace":null,"DisplayName":"GoodsStore.Tests.Controllers.OrderItemsControllerTests.Buy_POST_WithSufficientQuantity_RedirectsToProductsIndex","Messages":[],"ComputerName":"DESKTOP-8HIQA7E","Duration":"00:00:00.0040534","StartTime":"2023-12-29T17:11:10.8597363+00:00","EndTime":"2023-12-29T17:11:10.8597364+00:00","Properties":[]}],"TestRunStatistics":{"ExecutedTests":16,"Stats":{"Passed":15,"Failed":1}},"ActiveTests":[{"Id":"cf414470-cf8b-627a-923f-8a1441542548","FullyQualifiedName":"GoodsStore.Tests.Controllers.OrderItemsControllerTests.AdminIndex_ReturnsViewWithOrderItems","DisplayName":"GoodsStore.Tests.Controllers.OrderItemsControllerTests.AdminIndex_ReturnsViewWithOrderItems","ExecutorUri":"executor://xunit/VsTestRunner2/netcoreapp","Source":"E:\\KPI\\C#\\4\\GoodsStore.Tests\\bin\\Debug\\net6.0\\fine-code-coverage\\build-output\\GoodsStore.Tests.dll","CodeFilePath":null,"LineNumber":0,"Properties":[]}]}}
TpTrace Verbose: 0 : 20236, 7, 2023/12/29, 19:11:10.862, 247057952244, vstest.console.dll, TestRunRequest:SendTestRunStatsChange: Starting.
TpTrace Verbose: 0 : 20236, 7, 2023/12/29, 19:11:10.862, 247057952655, vstest.console.dll, InProgress is GoodsStore.Tests.Controllers.OrderItemsControllerTests.AdminIndex_ReturnsViewWithOrderItems
TpTrace Verbose: 0 : 20236, 7, 2023/12/29, 19:11:10.862, 247057953297, vstest.console.dll, MulticastDelegateUtilities.SafeInvoke: TestRun.RunStatsChanged: Invoking callbacks was skipped because there are no subscribers.
TpTrace Information: 0 : 20236, 7, 2023/12/29, 19:11:10.862, 247057953565, vstest.console.dll, TestRunRequest:SendTestRunStatsChange: Completed.
TpTrace Verbose: 0 : 20236, 7, 2023/12/29, 19:11:10.862, 247057953797, vstest.console.dll, MulticastDelegateUtilities.SafeInvoke: LengthPrefixCommunicationChannel: MessageReceived: Invoking callback 1/1 for Microsoft.VisualStudio.TestPlatform.CommunicationUtilities.TestRequestSender+<>c__DisplayClass34_0., took 0 ms.
TpTrace Verbose: 0 : 20236, 4, 2023/12/29, 19:11:10.862, 247057953916, vstest.console.dll, MulticastDelegateUtilities.SafeInvoke: InternalTestLoggerEvents.SendTestResult: Invoking callback 1/1 for Microsoft.VisualStudio.TestPlatform.CommandLine.Internal.ConsoleLogger., took 0 ms.
TpTrace Verbose: 0 : 20236, 4, 2023/12/29, 19:11:10.863, 247057954510, vstest.console.dll, MulticastDelegateUtilities.SafeInvoke: InternalTestLoggerEvents.SendTestResult: Invoking callback 1/1 for Microsoft.VisualStudio.TestPlatform.CommandLine.Internal.ConsoleLogger., took 0 ms.
TpTrace Verbose: 0 : 20236, 4, 2023/12/29, 19:11:10.863, 247057954873, vstest.console.dll, MulticastDelegateUtilities.SafeInvoke: InternalTestLoggerEvents.SendTestResult: Invoking callback 1/1 for Microsoft.VisualStudio.TestPlatform.CommandLine.Internal.ConsoleLogger., took 0 ms.
TpTrace Verbose: 0 : 20236, 7, 2023/12/29, 19:11:10.862, 247057954052, vstest.console.dll, TcpClientExtensions.MessageLoopAsync: Polling on remoteEndPoint: 127.0.0.1:54938 localEndPoint: 127.0.0.1:54937
TpTrace Verbose: 0 : 20236, 4, 2023/12/29, 19:11:10.863, 247057955201, vstest.console.dll, MulticastDelegateUtilities.SafeInvoke: InternalTestLoggerEvents.SendTestResult: Invoking callback 1/1 for Microsoft.VisualStudio.TestPlatform.CommandLine.Internal.ConsoleLogger., took 0 ms.
TpTrace Verbose: 0 : 20236, 4, 2023/12/29, 19:11:10.863, 247057957440, vstest.console.dll, MulticastDelegateUtilities.SafeInvoke: InternalTestLoggerEvents.SendTestResult: Invoking callback 1/1 for Microsoft.VisualStudio.TestPlatform.CommandLine.Internal.ConsoleLogger., took 0 ms.
TpTrace Verbose: 0 : 20236, 4, 2023/12/29, 19:11:10.863, 247057957858, vstest.console.dll, MulticastDelegateUtilities.SafeInvoke: InternalTestLoggerEvents.SendTestResult: Invoking callback 1/1 for Microsoft.VisualStudio.TestPlatform.CommandLine.Internal.ConsoleLogger., took 0 ms.
TpTrace Verbose: 0 : 20236, 4, 2023/12/29, 19:11:10.863, 247057958244, vstest.console.dll, MulticastDelegateUtilities.SafeInvoke: InternalTestLoggerEvents.SendTestResult: Invoking callback 1/1 for Microsoft.VisualStudio.TestPlatform.CommandLine.Internal.ConsoleLogger., took 0 ms.
TpTrace Verbose: 0 : 20236, 4, 2023/12/29, 19:11:10.863, 247057963181, vstest.console.dll, MulticastDelegateUtilities.SafeInvoke: InternalTestLoggerEvents.SendTestResult: Invoking callback 1/1 for Microsoft.VisualStudio.TestPlatform.CommandLine.Internal.ConsoleLogger., took 0 ms.
TpTrace Verbose: 0 : 20236, 4, 2023/12/29, 19:11:10.863, 247057963733, vstest.console.dll, MulticastDelegateUtilities.SafeInvoke: InternalTestLoggerEvents.SendTestResult: Invoking callback 1/1 for Microsoft.VisualStudio.TestPlatform.CommandLine.Internal.ConsoleLogger., took 0 ms.
TpTrace Verbose: 0 : 20236, 7, 2023/12/29, 19:11:10.870, 247058032142, vstest.console.dll, TcpClientExtensions.MessageLoopAsync: NotifyDataAvailable remoteEndPoint: 127.0.0.1:54938 localEndPoint: 127.0.0.1:54937
TpTrace Verbose: 0 : 20236, 7, 2023/12/29, 19:11:10.870, 247058033323, vstest.console.dll, TestRequestSender.OnExecutionMessageReceived: Received message: {"Version":7,"MessageType":"TestSession.Message","Payload":{"MessageLevel":0,"Message":"[xUnit.net 00:00:00.92]   Finished:    GoodsStore.Tests"}}
TpTrace Verbose: 0 : 20236, 7, 2023/12/29, 19:11:10.871, 247058034285, vstest.console.dll, TestRunRequest:SendTestRunMessage: Starting.
TpTrace Verbose: 0 : 20236, 7, 2023/12/29, 19:11:10.871, 247058034743, vstest.console.dll, MulticastDelegateUtilities.SafeInvoke: TestRun.LogMessages: Invoking callback 1/1 for Microsoft.VisualStudio.TestPlatform.CommandLine.TestRunResultAggregator., took 0 ms.
TpTrace Verbose: 0 : 20236, 4, 2023/12/29, 19:11:10.871, 247058034933, vstest.console.dll, MulticastDelegateUtilities.SafeInvoke: InternalTestLoggerEvents.SendTestRunMessage: Invoking callback 1/1 for Microsoft.VisualStudio.TestPlatform.CommandLine.Internal.ConsoleLogger., took 0 ms.
TpTrace Information: 0 : 20236, 7, 2023/12/29, 19:11:10.871, 247058034994, vstest.console.dll, TestRunRequest:SendTestRunMessage: Completed.
TpTrace Verbose: 0 : 20236, 7, 2023/12/29, 19:11:10.871, 247058035743, vstest.console.dll, MulticastDelegateUtilities.SafeInvoke: LengthPrefixCommunicationChannel: MessageReceived: Invoking callback 1/1 for Microsoft.VisualStudio.TestPlatform.CommunicationUtilities.TestRequestSender+<>c__DisplayClass34_0., took 0 ms.
TpTrace Verbose: 0 : 20236, 7, 2023/12/29, 19:11:10.871, 247058036053, vstest.console.dll, TcpClientExtensions.MessageLoopAsync: Polling on remoteEndPoint: 127.0.0.1:54938 localEndPoint: 127.0.0.1:54937
TpTrace Verbose: 0 : 20236, 7, 2023/12/29, 19:11:10.884, 247058172249, vstest.console.dll, TcpClientExtensions.MessageLoopAsync: NotifyDataAvailable remoteEndPoint: 127.0.0.1:54938 localEndPoint: 127.0.0.1:54937
TpTrace Verbose: 0 : 20236, 7, 2023/12/29, 19:11:10.884, 247058173853, vstest.console.dll, TestRequestSender.OnExecutionMessageReceived: Received message: {"Version":7,"MessageType":"TestExecution.Completed","Payload":{"TestRunCompleteArgs":{"TestRunStatistics":{"ExecutedTests":21,"Stats":{"Passed":20,"Failed":1}},"IsCanceled":false,"IsAborted":false,"Error":null,"AttachmentSets":[],"InvokedDataCollectors":[],"ElapsedTimeInRunningTests":"00:00:00.9356534","Metrics":{},"DiscoveredExtensions":{"TestDiscoverers":["Xunit.Runner.VisualStudio.VsTestRunner, xunit.runner.visualstudio.dotnetcore.testadapter, Version=2.4.0.0, Culture=neutral, PublicKeyToken=8d05b1bb7a6fdb6c"],"TestExecutors":["executor://xunit/VsTestRunner2/netcoreapp"],"TestExecutors2":[],"TestSettingsProviders":[]}},"LastRunTests":{"NewTestResults":[{"TestCase":{"Id":"cf414470-cf8b-627a-923f-8a1441542548","FullyQualifiedName":"GoodsStore.Tests.Controllers.OrderItemsControllerTests.AdminIndex_ReturnsViewWithOrderItems","DisplayName":"GoodsStore.Tests.Controllers.OrderItemsControllerTests.AdminIndex_ReturnsViewWithOrderItems","ExecutorUri":"executor://xunit/VsTestRunner2/netcoreapp","Source":"E:\\KPI\\C#\\4\\GoodsStore.Tests\\bin\\Debug\\net6.0\\fine-code-coverage\\build-output\\GoodsStore.Tests.dll","CodeFilePath":null,"LineNumber":0,"Properties":[]},"Attachments":[],"Outcome":1,"ErrorMessage":null,"ErrorStackTrace":null,"DisplayName":"GoodsStore.Tests.Controllers.OrderItemsControllerTests.AdminIndex_ReturnsViewWithOrderItems","Messages":[],"ComputerName":"DESKTOP-8HIQA7E","Duration":"00:00:00.0031147","StartTime":"2023-12-29T17:11:10.8626285+00:00","EndTime":"2023-12-29T17:11:10.8626285+00:00","Properties":[]},{"TestCase":{"Id":"52531af5-89a3-c51a-bbc7-83f491ad7dd3","FullyQualifiedName":"GoodsStore.Tests.Controllers.OrderItemsControllerTests.Buy_NonExistingProductId_ReturnsNotFound","DisplayName":"GoodsStore.Tests.Controllers.OrderItemsControllerTests.Buy_NonExistingProductId_ReturnsNotFound","ExecutorUri":"executor://xunit/VsTestRunner2/netcoreapp","Source":"E:\\KPI\\C#\\4\\GoodsStore.Tests\\bin\\Debug\\net6.0\\fine-code-coverage\\build-output\\GoodsStore.Tests.dll","CodeFilePath":null,"LineNumber":0,"Properties":[]},"Attachments":[],"Outcome":1,"ErrorMessage":null,"ErrorStackTrace":null,"DisplayName":"GoodsStore.Tests.Controllers.OrderItemsControllerTests.Buy_NonExistingProductId_ReturnsNotFound","Messages":[],"ComputerName":"DESKTOP-8HIQA7E","Duration":"00:00:00.0009588","StartTime":"2023-12-29T17:11:10.8644253+00:00","EndTime":"2023-12-29T17:11:10.8644253+00:00","Properties":[]},{"TestCase":{"Id":"6f6e0a37-4a12-c0e7-ea8a-37b6614acb53","FullyQualifiedName":"GoodsStore.Tests.Controllers.OrderItemsControllerTests.Buy_ExistingProductId_ReturnsViewWithProduct","DisplayName":"GoodsStore.Tests.Controllers.OrderItemsControllerTests.Buy_ExistingProductId_ReturnsViewWithProduct","ExecutorUri":"executor://xunit/VsTestRunner2/netcoreapp","Source":"E:\\KPI\\C#\\4\\GoodsStore.Tests\\bin\\Debug\\net6.0\\fine-code-coverage\\build-output\\GoodsStore.Tests.dll","CodeFilePath":null,"LineNumber":0,"Properties":[]},"Attachments":[],"Outcome":1,"ErrorMessage":null,"ErrorStackTrace":null,"DisplayName":"GoodsStore.Tests.Controllers.OrderItemsControllerTests.Buy_ExistingProductId_ReturnsViewWithProduct","Messages":[],"ComputerName":"DESKTOP-8HIQA7E","Duration":"00:00:00.0007942","StartTime":"2023-12-29T17:11:10.8658955+00:00","EndTime":"2023-12-29T17:11:10.8658955+00:00","Properties":[]},{"TestCase":{"Id":"dc8f28fe-df45-c0b5-d4dc-303315aa0097","FullyQualifiedName":"GoodsStore.Tests.Controllers.OrderItemsControllerTests.Buy_WithInsufficientQuantity_CreatesDeliveryRequestAndRedirectsToProductsIndex","DisplayName":"GoodsStore.Tests.Controllers.OrderItemsControllerTests.Buy_WithInsufficientQuantity_CreatesDeliveryRequestAndRedirectsToProductsIndex","ExecutorUri":"executor://xunit/VsTestRunner2/netcoreapp","Source":"E:\\KPI\\C#\\4\\GoodsStore.Tests\\bin\\Debug\\net6.0\\fine-code-coverage\\build-output\\GoodsStore.Tests.dll","CodeFilePath":null,"LineNumber":0,"Properties":[]},"Attachments":[],"Outcome":1,"ErrorMessage":null,"ErrorStackTrace":null,"DisplayName":"GoodsStore.Tests.Controllers.OrderItemsControllerTests.Buy_WithInsufficientQuantity_CreatesDeliveryRequestAndRedirectsToProductsIndex","Messages":[],"ComputerName":"DESKTOP-8HIQA7E","Duration":"00:00:00.0025814","StartTime":"2023-12-29T17:11:10.867361+00:00","EndTime":"2023-12-29T17:11:10.867361+00:00","Properties":[]},{"TestCase":{"Id":"42ee8967-dd67-0cd1-f801-7693c2176268","FullyQualifiedName":"GoodsStore.Tests.Controllers.OrderItemsControllerTests.Cancel_WithNotDoneOrderAndOrderItem_ReturnsRedirectToAction","DisplayName":"GoodsStore.Tests.Controllers.OrderItemsControllerTests.Cancel_WithNotDoneOrderAndOrderItem_ReturnsRedirectToAction","ExecutorUri":"executor://xunit/VsTestRunner2/netcoreapp","Source":"E:\\KPI\\C#\\4\\GoodsStore.Tests\\bin\\Debug\\net6.0\\fine-code-coverage\\build-output\\GoodsStore.Tests.dll","CodeFilePath":null,"LineNumber":0,"Properties":[]},"Attachments":[],"Outcome":1,"ErrorMessage":null,"ErrorStackTrace":null,"DisplayName":"GoodsStore.Tests.Controllers.OrderItemsControllerTests.Cancel_WithNotDoneOrderAndOrderItem_ReturnsRedirectToAction","Messages":[],"ComputerName":"DESKTOP-8HIQA7E","Duration":"00:00:00.0016716","StartTime":"2023-12-29T17:11:10.8689484+00:00","EndTime":"2023-12-29T17:11:10.8689484+00:00","Properties":[]}],"TestRunStatistics":{"ExecutedTests":21,"Stats":{"Passed":20,"Failed":1}},"ActiveTests":[]},"RunAttachments":[],"ExecutorUris":["executor://xunit/VsTestRunner2/netcoreapp"]}}
TpTrace Verbose: 0 : 20236, 7, 2023/12/29, 19:11:10.885, 247058174871, vstest.console.dll, TestRequestSender.EndSession: Sending end session.
TpTrace Verbose: 0 : 20236, 7, 2023/12/29, 19:11:10.885, 247058175946, vstest.console.dll, ProxyOperationManager.Close: waiting for test host to exit for 100 ms
TpTrace Verbose: 0 : 20236, 11, 2023/12/29, 19:11:10.900, 247058334054, vstest.console.dll, TestHostManagerCallbacks.ctor: Experimental forwarding output is disabled.
TpTrace Warning: 0 : 20236, 11, 2023/12/29, 19:11:10.901, 247058334852, vstest.console.dll, TestHostManagerCallbacks.ErrorReceivedCallback Test host standard error line: 
TpTrace Verbose: 0 : 20236, 11, 2023/12/29, 19:11:10.915, 247058480271, vstest.console.dll, TestHostProvider.ExitCallBack: Host exited starting callback.
TpTrace Information: 0 : 20236, 11, 2023/12/29, 19:11:10.915, 247058481638, vstest.console.dll, TestHostManagerCallbacks.ExitCallBack: Testhost processId: 21536 exited with exitcode: 0 error: ''
TpTrace Verbose: 0 : 20236, 11, 2023/12/29, 19:11:10.915, 247058482009, vstest.console.dll, DotnetTestHostManager.OnHostExited: invoking OnHostExited callback
TpTrace Verbose: 0 : 20236, 11, 2023/12/29, 19:11:10.915, 247058482398, vstest.console.dll, CrossPlatEngine.TestHostManagerHostExited: calling on client process exit callback.
TpTrace Information: 0 : 20236, 11, 2023/12/29, 19:11:10.915, 247058482782, vstest.console.dll, TestRequestSender.OnClientProcessExit: Test host process exited. Standard error: 
TpTrace Information: 0 : 20236, 11, 2023/12/29, 19:11:10.915, 247058483105, vstest.console.dll, SocketServer.Stop: Stop server endPoint: 127.0.0.1:54937
TpTrace Information: 0 : 20236, 11, 2023/12/29, 19:11:10.915, 247058483343, vstest.console.dll, SocketServer.Stop: Cancellation requested. Stopping message loop.
TpTrace Information: 0 : 20236, 7, 2023/12/29, 19:11:10.915, 247058483479, vstest.console.dll, SocketServer.Stop: Stop server endPoint: 127.0.0.1:54937
TpTrace Information: 0 : 20236, 7, 2023/12/29, 19:11:10.915, 247058483934, vstest.console.dll, SocketServer.Stop: Cancellation requested. Stopping message loop.
TpTrace Information: 0 : 20236, 7, 2023/12/29, 19:11:10.916, 247058484269, vstest.console.dll, Closing the connection
TpTrace Verbose: 0 : 20236, 11, 2023/12/29, 19:11:10.915, 247058483922, vstest.console.dll, MulticastDelegateUtilities.SafeInvoke: HostProviderEvents.OnHostExited: Invoking callback 1/1 for Microsoft.VisualStudio.TestPlatform.CrossPlatEngine.Client.ProxyOperationManager., took 0 ms.
TpTrace Verbose: 0 : 20236, 7, 2023/12/29, 19:11:10.916, 247058486192, vstest.console.dll, ProxyDataCollectionManager.InvokeDataCollectionServiceAction: Starting.
TpTrace Information: 0 : 20236, 7, 2023/12/29, 19:11:10.916, 247058486552, vstest.console.dll, ProxyDataCollectionManager.AfterTestRunEnd: Get attachment set and invoked data collectors processId: 25832 port: 54934
TpTrace Verbose: 0 : 20236, 7, 2023/12/29, 19:11:10.916, 247058486905, vstest.console.dll, DataCollectionRequestSender.SendAfterTestRunStartAndGetResult: Send AfterTestRunEnd message with isCancelled: False
TpTrace Verbose: 0 : 20236, 7, 2023/12/29, 19:11:10.923, 247058554394, vstest.console.dll, DataCollectionRequestSender.SendAfterTestRunStartAndGetResult: Received message: (DataCollection.AfterTestRunEndResult) -> {"MessageType":"DataCollection.AfterTestRunEndResult","Payload":{"AttachmentSets":[],"InvokedDataCollectors":[{"Uri":"datacollector://Microsoft/TestPlatform/Extensions/Blame/v1","FriendlyName":"Blame","AssemblyQualifiedName":"Microsoft.TestPlatform.Extensions.BlameDataCollector.BlameCollector, Microsoft.TestPlatform.Extensions.BlameDataCollector, Version=15.0.0.0, Culture=neutral, PublicKeyToken=b03f5f7f11d50a3a","FilePath":"C:\\Program Files\\dotnet\\sdk\\7.0.402\\Extensions\\Microsoft.TestPlatform.Extensions.BlameDataCollector.dll","HasAttachmentProcessor":false}],"Metrics":{}}}
TpTrace Information: 0 : 20236, 7, 2023/12/29, 19:11:10.927, 247058603714, vstest.console.dll, ProxyDataCollectionManager.InvokeDataCollectionServiceAction: Completed.
TpTrace Warning: 0 : 20236, 10, 2023/12/29, 19:11:10.934, 247058670439, vstest.console.dll, DataCollectionLauncher.ErrorReceivedCallback datacollector standard error line: 
TpTrace Information: 0 : 20236, 10, 2023/12/29, 19:11:10.940, 247058726361, vstest.console.dll, DataCollectionLauncher.ExitCallBack: Data collector exited with exitcode: 0 error: ''
TpTrace Verbose: 0 : 20236, 7, 2023/12/29, 19:11:10.969, 247059019497, vstest.console.dll, TestRunRequest:SendTestRunStatsChange: Starting.
TpTrace Verbose: 0 : 20236, 7, 2023/12/29, 19:11:10.969, 247059020481, vstest.console.dll, MulticastDelegateUtilities.SafeInvoke: TestRun.RunStatsChanged: Invoking callbacks was skipped because there are no subscribers.
TpTrace Information: 0 : 20236, 7, 2023/12/29, 19:11:10.969, 247059020735, vstest.console.dll, TestRunRequest:SendTestRunStatsChange: Completed.
TpTrace Verbose: 0 : 20236, 7, 2023/12/29, 19:11:10.970, 247059025762, vstest.console.dll, ParallelProxyExecutionManager: HandlePartialRunComplete: Total workloads = 1, Total started clients = 1 Total completed clients = 1, Run complete = True, Run canceled: False.
TpTrace Verbose: 0 : 20236, 7, 2023/12/29, 19:11:10.970, 247059026202, vstest.console.dll, ParallelProxyExecutionManager: HandlePartialRunComplete: All runs completed stopping all managers.
TpTrace Verbose: 0 : 20236, 7, 2023/12/29, 19:11:10.970, 247059026499, vstest.console.dll, ParallelOperationManager.StopAllManagers: Stopping all managers.
TpTrace Verbose: 0 : 20236, 7, 2023/12/29, 19:11:10.970, 247059026745, vstest.console.dll, ParallelOperationManager.ClearSlots: Clearing all slots. Slots should accept more work: False
TpTrace Verbose: 0 : 20236, 7, 2023/12/29, 19:11:10.970, 247059027420, vstest.console.dll, ParallelOperationManager.SetOccupiedSlotCount: Setting slot counts AvailableSlotCount = 1, OccupiedSlotCount = 0.
TpTrace Verbose: 0 : 20236, 7, 2023/12/29, 19:11:10.970, 247059027985, vstest.console.dll, Occupied slots:

TpTrace Verbose: 0 : 20236, 4, 2023/12/29, 19:11:10.970, 247059028390, vstest.console.dll, MulticastDelegateUtilities.SafeInvoke: InternalTestLoggerEvents.SendTestResult: Invoking callback 1/1 for Microsoft.VisualStudio.TestPlatform.CommandLine.Internal.ConsoleLogger., took 0 ms.
TpTrace Verbose: 0 : 20236, 4, 2023/12/29, 19:11:10.970, 247059029178, vstest.console.dll, MulticastDelegateUtilities.SafeInvoke: InternalTestLoggerEvents.SendTestResult: Invoking callback 1/1 for Microsoft.VisualStudio.TestPlatform.CommandLine.Internal.ConsoleLogger., took 0 ms.
TpTrace Verbose: 0 : 20236, 4, 2023/12/29, 19:11:10.970, 247059029557, vstest.console.dll, MulticastDelegateUtilities.SafeInvoke: InternalTestLoggerEvents.SendTestResult: Invoking callback 1/1 for Microsoft.VisualStudio.TestPlatform.CommandLine.Internal.ConsoleLogger., took 0 ms.
TpTrace Verbose: 0 : 20236, 4, 2023/12/29, 19:11:10.970, 247059029908, vstest.console.dll, MulticastDelegateUtilities.SafeInvoke: InternalTestLoggerEvents.SendTestResult: Invoking callback 1/1 for Microsoft.VisualStudio.TestPlatform.CommandLine.Internal.ConsoleLogger., took 0 ms.
TpTrace Verbose: 0 : 20236, 4, 2023/12/29, 19:11:10.970, 247059030259, vstest.console.dll, MulticastDelegateUtilities.SafeInvoke: InternalTestLoggerEvents.SendTestResult: Invoking callback 1/1 for Microsoft.VisualStudio.TestPlatform.CommandLine.Internal.ConsoleLogger., took 0 ms.
TpTrace Verbose: 0 : 20236, 4, 2023/12/29, 19:11:10.978, 247059104643, vstest.console.dll, MulticastDelegateUtilities.SafeInvoke: InternalTestLoggerEvents.SendTestRunComplete: Invoking callback 1/2 for Microsoft.TestPlatform.Extensions.BlameDataCollector.BlameLogger., took 0 ms.
TpTrace Verbose: 0 : 20236, 4, 2023/12/29, 19:11:10.982, 247059153245, vstest.console.dll, MulticastDelegateUtilities.SafeInvoke: InternalTestLoggerEvents.SendTestRunComplete: Invoking callback 2/2 for Microsoft.VisualStudio.TestPlatform.CommandLine.Internal.ConsoleLogger., took 4 ms.
TpTrace Verbose: 0 : 20236, 7, 2023/12/29, 19:11:10.983, 247059156323, vstest.console.dll, TestRunRequest:TestRunComplete: Starting. IsAborted:False IsCanceled:False.
TpTrace Verbose: 0 : 20236, 7, 2023/12/29, 19:11:10.983, 247059157667, vstest.console.dll, ParallelOperationManager.DoActionOnAllManagers: Calling an action on all managers.
TpTrace Verbose: 0 : 20236, 7, 2023/12/29, 19:11:10.984, 247059165362, vstest.console.dll, TestLoggerManager.HandleTestRunComplete: Ignoring as the object is disposed.
TpTrace Verbose: 0 : 20236, 7, 2023/12/29, 19:11:10.984, 247059167110, vstest.console.dll, MulticastDelegateUtilities.SafeInvoke: TestRun.TestRunComplete: Invoking callback 1/2 for Microsoft.VisualStudio.TestPlatform.CommandLine.TestRunResultAggregator., took 0 ms.
TpTrace Verbose: 0 : 20236, 7, 2023/12/29, 19:11:10.984, 247059168217, vstest.console.dll, MulticastDelegateUtilities.SafeInvoke: TestRun.TestRunComplete: Invoking callback 2/2 for Microsoft.VisualStudio.TestPlatform.CommandLine.Processors.RunTestsArgumentExecutor+TestRunRequestEventsRegistrar., took 0 ms.
TpTrace Information: 0 : 20236, 7, 2023/12/29, 19:11:10.984, 247059169197, vstest.console.dll, TestRunRequest:TestRunComplete: Completed.
TpTrace Verbose: 0 : 20236, 1, 2023/12/29, 19:11:10.984, 247059169323, vstest.console.dll, TestRunRequest.Dispose: Starting.
TpTrace Information: 0 : 20236, 1, 2023/12/29, 19:11:10.984, 247059170012, vstest.console.dll, TestRunRequest.Dispose: Completed.
TpTrace Verbose: 0 : 20236, 7, 2023/12/29, 19:11:10.984, 247059169617, vstest.console.dll, TestRequestSender.SetOperationComplete: Setting operation complete.
TpTrace Information: 0 : 20236, 1, 2023/12/29, 19:11:10.984, 247059170355, vstest.console.dll, TestRequestManager.RunTests: run tests completed.
TpTrace Information: 0 : 20236, 7, 2023/12/29, 19:11:10.984, 247059170642, vstest.console.dll, SocketServer.Stop: Stop server endPoint: 127.0.0.1:54937
TpTrace Information: 0 : 20236, 7, 2023/12/29, 19:11:10.984, 247059171237, vstest.console.dll, SocketServer.Stop: Cancellation requested. Stopping message loop.
TpTrace Verbose: 0 : 20236, 7, 2023/12/29, 19:11:10.984, 247059171566, vstest.console.dll, MulticastDelegateUtilities.SafeInvoke: LengthPrefixCommunicationChannel: MessageReceived: Invoking callback 1/1 for Microsoft.VisualStudio.TestPlatform.CommunicationUtilities.TestRequestSender+<>c__DisplayClass34_0., took 99 ms.
TpTrace Information: 0 : 20236, 1, 2023/12/29, 19:11:10.984, 247059171612, vstest.console.dll, RunTestsArgumentProcessor:Execute: Test run is completed.
TpTrace Information: 0 : 20236, 7, 2023/12/29, 19:11:10.984, 247059172040, vstest.console.dll, SocketServer.PrivateStop: Stopping server endPoint: 127.0.0.1:54937 error: 
TpTrace Verbose: 0 : 20236, 1, 2023/12/29, 19:11:10.984, 247059173621, vstest.console.dll, Executor.Execute: Exiting with exit code of 1
TpTrace Verbose: 0 : 20236, 7, 2023/12/29, 19:11:10.985, 247059177199, vstest.console.dll, LengthPrefixCommunicationChannel.Dispose: Dispose reader and writer.
TpTrace Information: 0 : 20236, 7, 2023/12/29, 19:11:10.985, 247059177843, vstest.console.dll, SocketServer.Stop: Raise disconnected event endPoint: 127.0.0.1:54937 error: 
